#
# There is insufficient memory for the Java Runtime Environment to continue.
# Native memory allocation (mmap) failed to map 54525952 bytes for Failed to commit area from 0x0000000090000000 to 0x0000000093400000 of length 54525952.
# Possible reasons:
#   The system is out of physical RAM or swap space
#   The process is running with CompressedOops enabled, and the Java Heap may be blocking the growth of the native heap
# Possible solutions:
#   Reduce memory load on the system
#   Increase physical memory or swap space
#   Check if swap backing store is full
#   Decrease Java heap size (-Xmx/-Xms)
#   Decrease number of Java threads
#   Decrease Java thread stack sizes (-Xss)
#   Set larger code cache with -XX:ReservedCodeCacheSize=
#   JVM is running with Unscaled Compressed Oops mode in which the Java heap is
#     placed in the first 4GB address space. The Java Heap base address is the
#     maximum limit for the native heap growth. Please use -XX:HeapBaseMinAddress
#     to set the Java Heap base and to place the Java Heap above 4GB virtual address.
# This output file may be truncated or incomplete.
#
#  Out of Memory Error (./src/hotspot/os/windows/os_windows.cpp:3303), pid=9160, tid=6552
#
# JRE version: OpenJDK Runtime Environment (11.0.8+10) (build 11.0.8+10-b944.6842174)
# Java VM: OpenJDK 64-Bit Server VM (11.0.8+10-b944.6842174, mixed mode, tiered, compressed oops, g1 gc, windows-amd64)
# No core dump will be written. Minidumps are not enabled by default on client versions of Windows
#

---------------  S U M M A R Y ------------

Command Line: --add-opens=java.base/java.util=ALL-UNNAMED --add-opens=java.base/java.lang=ALL-UNNAMED --add-opens=java.base/java.lang.invoke=ALL-UNNAMED --add-opens=java.prefs/java.util.prefs=ALL-UNNAMED -Xmx2048m -Dfile.encoding=UTF-8 -Duser.country=RU -Duser.language=ru -Duser.variant org.gradle.launcher.daemon.bootstrap.GradleDaemon 6.7.1

Host: Intel(R) Core(TM)2 Quad  CPU   Q9300  @ 2.50GHz, 4 cores, 15G,  Windows 10 , 64 bit Build 17763 (10.0.17763.475)
Time: Wed Jun  2 20:29:08 2021 RTZ 4 (ceia) elapsed time: 22 seconds (0d 0h 0m 22s)

---------------  T H R E A D  ---------------

Current thread (0x00000213435be800):  VMThread "VM Thread" [stack: 0x000000fc30300000,0x000000fc30400000] [id=6552]

Stack: [0x000000fc30300000,0x000000fc30400000]
[error occurred during error reporting (printing stack bounds), id 0xc0000005, EXCEPTION_ACCESS_VIOLATION (0xc0000005) at pc=0x000002132cc60dbd]

Native frames: (J=compiled Java code, j=interpreted, Vv=VM code, C=native code)
V  [jvm.dll+0x5de50a]
V  [jvm.dll+0x7122f5]
V  [jvm.dll+0x71384d]
V  [jvm.dll+0x713e65]
V  [jvm.dll+0x713e1b]
V  [jvm.dll+0x5dd958]
V  [jvm.dll+0x5de0f8]
C  [ntdll.dll+0xa477f]
C  [ntdll.dll+0x4bef]
C  [ntdll.dll+0xa34ee]
C  0x000002132cc60dbd

VM_Operation (0x000000fc32bf9bc0): G1CollectForAllocation, mode: safepoint, requested by thread 0x00000213487c7800


---------------  P R O C E S S  ---------------

Threads class SMR info:
_java_thread_list=0x0000021343aa2380, length=159, elements={
0x00000213292f3800, 0x00000213435c1000, 0x00000213435c4800, 0x00000213435e1000,
0x00000213435e3000, 0x00000213435e7800, 0x0000021343694800, 0x000002134369a000,
0x0000021343788800, 0x00000213437ca800, 0x0000021345c33800, 0x0000021344411000,
0x00000213438d5000, 0x0000021345db1800, 0x0000021344da7800, 0x0000021344d6c800,
0x00000213451ab800, 0x0000021344fcd000, 0x0000021345c64000, 0x00000213451a2800,
0x0000021345055000, 0x000002134505a000, 0x0000021345056000, 0x0000021345056800,
0x0000021345059000, 0x0000021345058800, 0x000002134505b000, 0x0000021345057800,
0x000002134505b800, 0x00000213487ca000, 0x00000213487cb800, 0x00000213487cd800,
0x00000213487cc800, 0x00000213487c7800, 0x00000213487cb000, 0x00000213487ce000,
0x00000213487c8800, 0x00000213487d3000, 0x00000213487d0800, 0x00000213487cf000,
0x00000213487cf800, 0x00000213487d1800, 0x00000213487d2000, 0x0000021348993800,
0x0000021348991000, 0x0000021348994800, 0x0000021348990000, 0x0000021348995000,
0x0000021348992800, 0x0000021348996000, 0x0000021348996800, 0x0000021348997800,
0x0000021348992000, 0x000002134899a000, 0x000002134899b000, 0x000002134899c800,
0x000002134899b800, 0x000002134899d800, 0x0000021348998800, 0x000002134899e000,
0x000002134899f000, 0x0000021348999000, 0x00000213488e5000, 0x00000213488e3800,
0x00000213488e7800, 0x00000213488e4800, 0x00000213488eb800, 0x00000213488e8800,
0x00000213488e9000, 0x00000213488e6000, 0x00000213488ea000, 0x00000213488eb000,
0x00000213488ec800, 0x00000213488e7000, 0x00000213488ef000, 0x00000213488f0800,
0x00000213488ee000, 0x00000213488f0000, 0x00000213488f2000, 0x00000213488f1800,
0x00000213488ed800, 0x0000021349237000, 0x000002134923a800, 0x0000021349236800,
0x0000021349239800, 0x0000021349238800, 0x000002134923b000, 0x000002134923d800,
0x000002134923d000, 0x0000021349238000, 0x0000021349241800, 0x000002134923e800,
0x0000021349241000, 0x000002134923c000, 0x0000021349240000, 0x0000021349242800,
0x0000021349244000, 0x0000021349243800, 0x0000021349245000, 0x000002134923f800,
0x0000021346211000, 0x000002134620e800, 0x000002134620c000, 0x0000021346212000,
0x000002134620d000, 0x0000021346213800, 0x0000021346212800, 0x000002134620d800,
0x0000021346214800, 0x0000021346215000, 0x000002134620f800, 0x0000021346216000,
0x0000021346210000, 0x0000021346216800, 0x0000021346217800, 0x000002134621a000,
0x0000021346219000, 0x000002134621b000, 0x0000021346218800, 0x000002134828e800,
0x000002134828c800, 0x0000021348290000, 0x000002134828f000, 0x000002134828c000,
0x0000021348291800, 0x0000021348292800, 0x000002134828d800, 0x0000021348293000,
0x0000021348295000, 0x0000021348295800, 0x0000021348296800, 0x0000021348294000,
0x0000021348290800, 0x0000021348297000, 0x0000021348299000, 0x000002134829a800,
0x0000021348298000, 0x0000021348299800, 0x000002134889b000, 0x000002134889c000,
0x0000021348898000, 0x000002134889a800, 0x0000021348896800, 0x0000021348897000,
0x000002134889d000, 0x000002134889d800, 0x000002134889e800, 0x0000021348898800,
0x0000021348899800, 0x00000213488a1000, 0x00000213488a4000, 0x00000213488a2800,
0x000002134889f800, 0x00000213488a3800, 0x00000213488a5000, 0x00000213488a0000,
0x0000021347e5d800, 0x00000213490cc800, 0x0000021347e64000
}

Java Threads: ( => current thread )
  0x00000213292f3800 JavaThread "main" [_thread_blocked, id=10096, stack(0x000000fc2fc00000,0x000000fc2fd00000)]
  0x00000213435c1000 JavaThread "Reference Handler" daemon [_thread_blocked, id=2984, stack(0x000000fc30400000,0x000000fc30500000)]
  0x00000213435c4800 JavaThread "Finalizer" daemon [_thread_blocked, id=6804, stack(0x000000fc30500000,0x000000fc30600000)]
  0x00000213435e1000 JavaThread "Signal Dispatcher" daemon [_thread_blocked, id=7944, stack(0x000000fc30600000,0x000000fc30700000)]
  0x00000213435e3000 JavaThread "Attach Listener" daemon [_thread_blocked, id=3176, stack(0x000000fc30700000,0x000000fc30800000)]
  0x00000213435e7800 JavaThread "C2 CompilerThread0" daemon [_thread_blocked, id=8432, stack(0x000000fc30800000,0x000000fc30900000)]
  0x0000021343694800 JavaThread "C1 CompilerThread0" daemon [_thread_blocked, id=9384, stack(0x000000fc30900000,0x000000fc30a00000)]
  0x000002134369a000 JavaThread "Sweeper thread" daemon [_thread_blocked, id=7436, stack(0x000000fc30a00000,0x000000fc30b00000)]
  0x0000021343788800 JavaThread "Common-Cleaner" daemon [_thread_blocked, id=6836, stack(0x000000fc30b00000,0x000000fc30c00000)]
  0x00000213437ca800 JavaThread "Service Thread" daemon [_thread_blocked, id=9800, stack(0x000000fc30c00000,0x000000fc30d00000)]
  0x0000021345c33800 JavaThread "Daemon health stats" [_thread_blocked, id=3020, stack(0x000000fc31200000,0x000000fc31300000)]
  0x0000021344411000 JavaThread "Incoming local TCP Connector on port 1144" [_thread_in_native, id=4772, stack(0x000000fc31400000,0x000000fc31500000)]
  0x00000213438d5000 JavaThread "Daemon periodic checks" [_thread_blocked, id=3000, stack(0x000000fc31500000,0x000000fc31600000)]
  0x0000021345db1800 JavaThread "Daemon" [_thread_blocked, id=5632, stack(0x000000fc31600000,0x000000fc31700000)]
  0x0000021344da7800 JavaThread "Handler for socket connection from /127.0.0.1:1144 to /127.0.0.1:1145" [_thread_in_native, id=4024, stack(0x000000fc31700000,0x000000fc31800000)]
  0x0000021344d6c800 JavaThread "Cancel handler" [_thread_blocked, id=4428, stack(0x000000fc31900000,0x000000fc31a00000)]
  0x00000213451ab800 JavaThread "Daemon worker" [_thread_blocked, id=1840, stack(0x000000fc31a00000,0x000000fc31b00000)]
  0x0000021344fcd000 JavaThread "Asynchronous log dispatcher for DefaultDaemonConnection: socket connection from /127.0.0.1:1144 to /127.0.0.1:1145" [_thread_blocked, id=3056, stack(0x000000fc31b00000,0x000000fc31c00000)]
  0x0000021345c64000 JavaThread "Stdin handler" [_thread_blocked, id=4532, stack(0x000000fc31c00000,0x000000fc31d00000)]
  0x00000213451a2800 JavaThread "Thread-8" [_thread_blocked, id=536, stack(0x000000fc31d00000,0x000000fc31e00000)]
  0x0000021345055000 JavaThread "Cache worker for file hash cache (C:\Users\admin\.gradle\caches\6.7.1\fileHashes)" [_thread_blocked, id=9848, stack(0x000000fc31800000,0x000000fc31900000)]
  0x000002134505a000 JavaThread "File lock request listener" [_thread_in_native, id=10332, stack(0x000000fc31e00000,0x000000fc31f00000)]
  0x0000021345056000 JavaThread "Cache worker for journal cache (C:\Users\admin\.gradle\caches\journal-1)" [_thread_blocked, id=8160, stack(0x000000fc31f00000,0x000000fc32000000)]
  0x0000021345056800 JavaThread "Cache worker for file hash cache (C:\Users\admin\AndroidStudioProjects\NoMoreSnore\.gradle\6.7.1\fileHashes)" [_thread_blocked, id=7572, stack(0x000000fc32000000,0x000000fc32100000)]
  0x0000021345059000 JavaThread "Cache worker for checksums cache (C:\Users\admin\AndroidStudioProjects\NoMoreSnore\.gradle\checksums)" [_thread_blocked, id=9232, stack(0x000000fc32200000,0x000000fc32300000)]
  0x0000021345058800 JavaThread "Cache worker for cache directory md-supplier (C:\Users\admin\.gradle\caches\6.7.1\md-supplier)" [_thread_blocked, id=9340, stack(0x000000fc32300000,0x000000fc32400000)]
  0x000002134505b000 JavaThread "Cache worker for cache directory md-rule (C:\Users\admin\.gradle\caches\6.7.1\md-rule)" [_thread_blocked, id=7848, stack(0x000000fc32400000,0x000000fc32500000)]
  0x0000021345057800 JavaThread "Cache worker for execution history cache (C:\Users\admin\.gradle\caches\6.7.1\executionHistory)" [_thread_blocked, id=11152, stack(0x000000fc32500000,0x000000fc32600000)]
  0x000002134505b800 JavaThread "jar transforms" [_thread_blocked, id=2944, stack(0x000000fc32600000,0x000000fc32700000)]
  0x00000213487ca000 JavaThread "Cache worker for file content cache (C:\Users\admin\.gradle\caches\6.7.1\fileContent)" [_thread_blocked, id=9316, stack(0x000000fc32700000,0x000000fc32800000)]
  0x00000213487cb800 JavaThread "Cache worker for Build Output Cleanup Cache (C:\Users\admin\AndroidStudioProjects\NoMoreSnore\.gradle\buildOutputCleanup)" [_thread_blocked, id=9708, stack(0x000000fc32800000,0x000000fc32900000)]
  0x00000213487cd800 JavaThread "Build operations" [_thread_blocked, id=9600, stack(0x000000fc32900000,0x000000fc32a00000)]
  0x00000213487cc800 JavaThread "Build operations Thread 2" [_thread_blocked, id=8828, stack(0x000000fc32a00000,0x000000fc32b00000)]
  0x00000213487c7800 JavaThread "Build operations Thread 3" [_thread_blocked, id=1020, stack(0x000000fc32b00000,0x000000fc32c00000)]
  0x00000213487cb000 JavaThread "Build operations Thread 4" [_thread_blocked, id=1072, stack(0x000000fc32c00000,0x000000fc32d00000)]
  0x00000213487ce000 JavaThread "jar transforms Thread 2" [_thread_blocked, id=7136, stack(0x000000fc32d00000,0x000000fc32e00000)]
  0x00000213487c8800 JavaThread "jar transforms Thread 3" [_thread_blocked, id=8012, stack(0x000000fc32e00000,0x000000fc32f00000)]
  0x00000213487d3000 JavaThread "jar transforms Thread 4" [_thread_blocked, id=1816, stack(0x000000fc32f00000,0x000000fc33000000)]
  0x00000213487d0800 JavaThread "jar transforms Thread 5" [_thread_blocked, id=10904, stack(0x000000fc33000000,0x000000fc33100000)]
  0x00000213487cf000 JavaThread "jar transforms Thread 6" [_thread_blocked, id=10864, stack(0x000000fc33100000,0x000000fc33200000)]
  0x00000213487cf800 JavaThread "jar transforms Thread 7" [_thread_blocked, id=7920, stack(0x000000fc33200000,0x000000fc33300000)]
  0x00000213487d1800 JavaThread "jar transforms Thread 8" [_thread_blocked, id=10504, stack(0x000000fc33300000,0x000000fc33400000)]
  0x00000213487d2000 JavaThread "jar transforms Thread 9" [_thread_blocked, id=10712, stack(0x000000fc33400000,0x000000fc33500000)]
  0x0000021348993800 JavaThread "jar transforms Thread 10" [_thread_blocked, id=4776, stack(0x000000fc33500000,0x000000fc33600000)]
  0x0000021348991000 JavaThread "jar transforms Thread 11" [_thread_blocked, id=3172, stack(0x000000fc33600000,0x000000fc33700000)]
  0x0000021348994800 JavaThread "jar transforms Thread 12" [_thread_blocked, id=8632, stack(0x000000fc33700000,0x000000fc33800000)]
  0x0000021348990000 JavaThread "jar transforms Thread 13" [_thread_blocked, id=10860, stack(0x000000fc33800000,0x000000fc33900000)]
  0x0000021348995000 JavaThread "jar transforms Thread 14" [_thread_blocked, id=11144, stack(0x000000fc33900000,0x000000fc33a00000)]
  0x0000021348992800 JavaThread "jar transforms Thread 15" [_thread_blocked, id=11184, stack(0x000000fc33a00000,0x000000fc33b00000)]
  0x0000021348996000 JavaThread "jar transforms Thread 16" [_thread_blocked, id=10120, stack(0x000000fc33b00000,0x000000fc33c00000)]
  0x0000021348996800 JavaThread "jar transforms Thread 17" [_thread_blocked, id=4956, stack(0x000000fc33c00000,0x000000fc33d00000)]
  0x0000021348997800 JavaThread "jar transforms Thread 18" [_thread_blocked, id=7036, stack(0x000000fc33d00000,0x000000fc33e00000)]
  0x0000021348992000 JavaThread "jar transforms Thread 19" [_thread_blocked, id=2908, stack(0x000000fc33e00000,0x000000fc33f00000)]
  0x000002134899a000 JavaThread "jar transforms Thread 20" [_thread_blocked, id=4060, stack(0x000000fc33f00000,0x000000fc34000000)]
  0x000002134899b000 JavaThread "jar transforms Thread 21" [_thread_blocked, id=10040, stack(0x000000fc34000000,0x000000fc34100000)]
  0x000002134899c800 JavaThread "jar transforms Thread 22" [_thread_blocked, id=4168, stack(0x000000fc34100000,0x000000fc34200000)]
  0x000002134899b800 JavaThread "jar transforms Thread 23" [_thread_blocked, id=2940, stack(0x000000fc34200000,0x000000fc34300000)]
  0x000002134899d800 JavaThread "jar transforms Thread 24" [_thread_blocked, id=4368, stack(0x000000fc34300000,0x000000fc34400000)]
  0x0000021348998800 JavaThread "jar transforms Thread 25" [_thread_blocked, id=9932, stack(0x000000fc34400000,0x000000fc34500000)]
  0x000002134899e000 JavaThread "jar transforms Thread 26" [_thread_blocked, id=4056, stack(0x000000fc34500000,0x000000fc34600000)]
  0x000002134899f000 JavaThread "jar transforms Thread 27" [_thread_blocked, id=4528, stack(0x000000fc34600000,0x000000fc34700000)]
  0x0000021348999000 JavaThread "jar transforms Thread 28" [_thread_blocked, id=8624, stack(0x000000fc34700000,0x000000fc34800000)]
  0x00000213488e5000 JavaThread "jar transforms Thread 29" [_thread_blocked, id=1084, stack(0x000000fc34800000,0x000000fc34900000)]
  0x00000213488e3800 JavaThread "jar transforms Thread 30" [_thread_blocked, id=3100, stack(0x000000fc34900000,0x000000fc34a00000)]
  0x00000213488e7800 JavaThread "jar transforms Thread 31" [_thread_blocked, id=11028, stack(0x000000fc34a00000,0x000000fc34b00000)]
  0x00000213488e4800 JavaThread "jar transforms Thread 32" [_thread_blocked, id=6576, stack(0x000000fc34b00000,0x000000fc34c00000)]
  0x00000213488eb800 JavaThread "jar transforms Thread 33" [_thread_blocked, id=2480, stack(0x000000fc34c00000,0x000000fc34d00000)]
  0x00000213488e8800 JavaThread "jar transforms Thread 34" [_thread_blocked, id=5648, stack(0x000000fc34d00000,0x000000fc34e00000)]
  0x00000213488e9000 JavaThread "jar transforms Thread 35" [_thread_blocked, id=4636, stack(0x000000fc34e00000,0x000000fc34f00000)]
  0x00000213488e6000 JavaThread "jar transforms Thread 36" [_thread_blocked, id=9112, stack(0x000000fc34f00000,0x000000fc35000000)]
  0x00000213488ea000 JavaThread "jar transforms Thread 37" [_thread_blocked, id=9516, stack(0x000000fc35000000,0x000000fc35100000)]
  0x00000213488eb000 JavaThread "jar transforms Thread 38" [_thread_blocked, id=6904, stack(0x000000fc35100000,0x000000fc35200000)]
  0x00000213488ec800 JavaThread "jar transforms Thread 39" [_thread_blocked, id=1372, stack(0x000000fc35200000,0x000000fc35300000)]
  0x00000213488e7000 JavaThread "jar transforms Thread 40" [_thread_blocked, id=6000, stack(0x000000fc35300000,0x000000fc35400000)]
  0x00000213488ef000 JavaThread "jar transforms Thread 41" [_thread_blocked, id=912, stack(0x000000fc35400000,0x000000fc35500000)]
  0x00000213488f0800 JavaThread "jar transforms Thread 42" [_thread_blocked, id=3208, stack(0x000000fc35500000,0x000000fc35600000)]
  0x00000213488ee000 JavaThread "jar transforms Thread 43" [_thread_blocked, id=11212, stack(0x000000fc35600000,0x000000fc35700000)]
  0x00000213488f0000 JavaThread "jar transforms Thread 44" [_thread_blocked, id=3308, stack(0x000000fc35700000,0x000000fc35800000)]
  0x00000213488f2000 JavaThread "jar transforms Thread 45" [_thread_blocked, id=10084, stack(0x000000fc35800000,0x000000fc35900000)]
  0x00000213488f1800 JavaThread "jar transforms Thread 46" [_thread_blocked, id=768, stack(0x000000fc35900000,0x000000fc35a00000)]
  0x00000213488ed800 JavaThread "jar transforms Thread 47" [_thread_blocked, id=7896, stack(0x000000fc35a00000,0x000000fc35b00000)]
  0x0000021349237000 JavaThread "jar transforms Thread 48" [_thread_blocked, id=2668, stack(0x000000fc35b00000,0x000000fc35c00000)]
  0x000002134923a800 JavaThread "jar transforms Thread 49" [_thread_blocked, id=2512, stack(0x000000fc35c00000,0x000000fc35d00000)]
  0x0000021349236800 JavaThread "jar transforms Thread 50" [_thread_blocked, id=1820, stack(0x000000fc35d00000,0x000000fc35e00000)]
  0x0000021349239800 JavaThread "jar transforms Thread 51" [_thread_blocked, id=10632, stack(0x000000fc35e00000,0x000000fc35f00000)]
  0x0000021349238800 JavaThread "jar transforms Thread 52" [_thread_blocked, id=4420, stack(0x000000fc35f00000,0x000000fc36000000)]
  0x000002134923b000 JavaThread "jar transforms Thread 53" [_thread_blocked, id=1952, stack(0x000000fc36000000,0x000000fc36100000)]
  0x000002134923d800 JavaThread "jar transforms Thread 54" [_thread_blocked, id=960, stack(0x000000fc36100000,0x000000fc36200000)]
  0x000002134923d000 JavaThread "jar transforms Thread 55" [_thread_blocked, id=3936, stack(0x000000fc36200000,0x000000fc36300000)]
  0x0000021349238000 JavaThread "jar transforms Thread 56" [_thread_blocked, id=9732, stack(0x000000fc36300000,0x000000fc36400000)]
  0x0000021349241800 JavaThread "jar transforms Thread 57" [_thread_blocked, id=7704, stack(0x000000fc36400000,0x000000fc36500000)]
  0x000002134923e800 JavaThread "jar transforms Thread 58" [_thread_blocked, id=8856, stack(0x000000fc36500000,0x000000fc36600000)]
  0x0000021349241000 JavaThread "jar transforms Thread 59" [_thread_blocked, id=10256, stack(0x000000fc36600000,0x000000fc36700000)]
  0x000002134923c000 JavaThread "jar transforms Thread 60" [_thread_blocked, id=2724, stack(0x000000fc36700000,0x000000fc36800000)]
  0x0000021349240000 JavaThread "jar transforms Thread 61" [_thread_blocked, id=10312, stack(0x000000fc36800000,0x000000fc36900000)]
  0x0000021349242800 JavaThread "jar transforms Thread 62" [_thread_blocked, id=7932, stack(0x000000fc36900000,0x000000fc36a00000)]
  0x0000021349244000 JavaThread "jar transforms Thread 63" [_thread_blocked, id=7004, stack(0x000000fc36a00000,0x000000fc36b00000)]
  0x0000021349243800 JavaThread "jar transforms Thread 64" [_thread_blocked, id=11172, stack(0x000000fc36b00000,0x000000fc36c00000)]
  0x0000021349245000 JavaThread "jar transforms Thread 65" [_thread_blocked, id=4220, stack(0x000000fc36c00000,0x000000fc36d00000)]
  0x000002134923f800 JavaThread "jar transforms Thread 66" [_thread_blocked, id=2332, stack(0x000000fc36d00000,0x000000fc36e00000)]
  0x0000021346211000 JavaThread "jar transforms Thread 67" [_thread_blocked, id=2328, stack(0x000000fc36e00000,0x000000fc36f00000)]
  0x000002134620e800 JavaThread "jar transforms Thread 68" [_thread_blocked, id=4444, stack(0x000000fc36f00000,0x000000fc37000000)]
  0x000002134620c000 JavaThread "jar transforms Thread 69" [_thread_blocked, id=10884, stack(0x000000fc37000000,0x000000fc37100000)]
  0x0000021346212000 JavaThread "jar transforms Thread 70" [_thread_blocked, id=9284, stack(0x000000fc37100000,0x000000fc37200000)]
  0x000002134620d000 JavaThread "jar transforms Thread 71" [_thread_blocked, id=10724, stack(0x000000fc37200000,0x000000fc37300000)]
  0x0000021346213800 JavaThread "jar transforms Thread 72" [_thread_blocked, id=1308, stack(0x000000fc37300000,0x000000fc37400000)]
  0x0000021346212800 JavaThread "jar transforms Thread 73" [_thread_blocked, id=1332, stack(0x000000fc37400000,0x000000fc37500000)]
  0x000002134620d800 JavaThread "jar transforms Thread 74" [_thread_blocked, id=9420, stack(0x000000fc37500000,0x000000fc37600000)]
  0x0000021346214800 JavaThread "jar transforms Thread 75" [_thread_blocked, id=9564, stack(0x000000fc37600000,0x000000fc37700000)]
  0x0000021346215000 JavaThread "jar transforms Thread 76" [_thread_blocked, id=9464, stack(0x000000fc37700000,0x000000fc37800000)]
  0x000002134620f800 JavaThread "jar transforms Thread 77" [_thread_blocked, id=10440, stack(0x000000fc37800000,0x000000fc37900000)]
  0x0000021346216000 JavaThread "jar transforms Thread 78" [_thread_blocked, id=9696, stack(0x000000fc37900000,0x000000fc37a00000)]
  0x0000021346210000 JavaThread "jar transforms Thread 79" [_thread_blocked, id=11120, stack(0x000000fc37a00000,0x000000fc37b00000)]
  0x0000021346216800 JavaThread "jar transforms Thread 80" [_thread_blocked, id=6188, stack(0x000000fc37b00000,0x000000fc37c00000)]
  0x0000021346217800 JavaThread "jar transforms Thread 81" [_thread_blocked, id=10796, stack(0x000000fc37c00000,0x000000fc37d00000)]
  0x000002134621a000 JavaThread "jar transforms Thread 82" [_thread_blocked, id=208, stack(0x000000fc37d00000,0x000000fc37e00000)]
  0x0000021346219000 JavaThread "jar transforms Thread 83" [_thread_blocked, id=2112, stack(0x000000fc37e00000,0x000000fc37f00000)]
  0x000002134621b000 JavaThread "jar transforms Thread 84" [_thread_blocked, id=3612, stack(0x000000fc37f00000,0x000000fc38000000)]
  0x0000021346218800 JavaThread "jar transforms Thread 85" [_thread_blocked, id=2420, stack(0x000000fc38000000,0x000000fc38100000)]
  0x000002134828e800 JavaThread "jar transforms Thread 86" [_thread_blocked, id=1508, stack(0x000000fc38100000,0x000000fc38200000)]
  0x000002134828c800 JavaThread "jar transforms Thread 87" [_thread_blocked, id=3692, stack(0x000000fc38200000,0x000000fc38300000)]
  0x0000021348290000 JavaThread "jar transforms Thread 88" [_thread_blocked, id=11016, stack(0x000000fc38300000,0x000000fc38400000)]
  0x000002134828f000 JavaThread "jar transforms Thread 89" [_thread_blocked, id=7200, stack(0x000000fc38400000,0x000000fc38500000)]
  0x000002134828c000 JavaThread "jar transforms Thread 90" [_thread_blocked, id=1488, stack(0x000000fc38500000,0x000000fc38600000)]
  0x0000021348291800 JavaThread "jar transforms Thread 91" [_thread_blocked, id=9640, stack(0x000000fc38600000,0x000000fc38700000)]
  0x0000021348292800 JavaThread "jar transforms Thread 92" [_thread_blocked, id=5140, stack(0x000000fc38700000,0x000000fc38800000)]
  0x000002134828d800 JavaThread "jar transforms Thread 93" [_thread_blocked, id=5540, stack(0x000000fc38800000,0x000000fc38900000)]
  0x0000021348293000 JavaThread "jar transforms Thread 94" [_thread_blocked, id=4184, stack(0x000000fc38900000,0x000000fc38a00000)]
  0x0000021348295000 JavaThread "jar transforms Thread 95" [_thread_blocked, id=7228, stack(0x000000fc38a00000,0x000000fc38b00000)]
  0x0000021348295800 JavaThread "jar transforms Thread 96" [_thread_blocked, id=3836, stack(0x000000fc38b00000,0x000000fc38c00000)]
  0x0000021348296800 JavaThread "jar transforms Thread 97" [_thread_blocked, id=1584, stack(0x000000fc38c00000,0x000000fc38d00000)]
  0x0000021348294000 JavaThread "jar transforms Thread 98" [_thread_blocked, id=10208, stack(0x000000fc38d00000,0x000000fc38e00000)]
  0x0000021348290800 JavaThread "jar transforms Thread 99" [_thread_blocked, id=11260, stack(0x000000fc38e00000,0x000000fc38f00000)]
  0x0000021348297000 JavaThread "jar transforms Thread 100" [_thread_blocked, id=5036, stack(0x000000fc38f00000,0x000000fc39000000)]
  0x0000021348299000 JavaThread "jar transforms Thread 101" [_thread_blocked, id=9372, stack(0x000000fc39000000,0x000000fc39100000)]
  0x000002134829a800 JavaThread "jar transforms Thread 102" [_thread_blocked, id=9664, stack(0x000000fc39100000,0x000000fc39200000)]
  0x0000021348298000 JavaThread "jar transforms Thread 103" [_thread_blocked, id=7892, stack(0x000000fc39200000,0x000000fc39300000)]
  0x0000021348299800 JavaThread "jar transforms Thread 104" [_thread_blocked, id=10924, stack(0x000000fc39300000,0x000000fc39400000)]
  0x000002134889b000 JavaThread "jar transforms Thread 105" [_thread_blocked, id=7956, stack(0x000000fc39400000,0x000000fc39500000)]
  0x000002134889c000 JavaThread "jar transforms Thread 106" [_thread_blocked, id=10316, stack(0x000000fc39500000,0x000000fc39600000)]
  0x0000021348898000 JavaThread "jar transforms Thread 107" [_thread_blocked, id=8480, stack(0x000000fc39600000,0x000000fc39700000)]
  0x000002134889a800 JavaThread "jar transforms Thread 108" [_thread_blocked, id=5000, stack(0x000000fc39700000,0x000000fc39800000)]
  0x0000021348896800 JavaThread "jar transforms Thread 109" [_thread_blocked, id=6964, stack(0x000000fc39800000,0x000000fc39900000)]
  0x0000021348897000 JavaThread "jar transforms Thread 110" [_thread_blocked, id=4720, stack(0x000000fc39900000,0x000000fc39a00000)]
  0x000002134889d000 JavaThread "jar transforms Thread 111" [_thread_blocked, id=9700, stack(0x000000fc39a00000,0x000000fc39b00000)]
  0x000002134889d800 JavaThread "jar transforms Thread 112" [_thread_blocked, id=5488, stack(0x000000fc39b00000,0x000000fc39c00000)]
  0x000002134889e800 JavaThread "jar transforms Thread 113" [_thread_blocked, id=10788, stack(0x000000fc39c00000,0x000000fc39d00000)]
  0x0000021348898800 JavaThread "jar transforms Thread 114" [_thread_blocked, id=4564, stack(0x000000fc39d00000,0x000000fc39e00000)]
  0x0000021348899800 JavaThread "jar transforms Thread 115" [_thread_blocked, id=9868, stack(0x000000fc39e00000,0x000000fc39f00000)]
  0x00000213488a1000 JavaThread "jar transforms Thread 116" [_thread_blocked, id=2928, stack(0x000000fc39f00000,0x000000fc3a000000)]
  0x00000213488a4000 JavaThread "Memory manager" [_thread_blocked, id=7936, stack(0x000000fc3a000000,0x000000fc3a100000)]
  0x00000213488a2800 JavaThread "build event listener" [_thread_blocked, id=10264, stack(0x000000fc3a200000,0x000000fc3a300000)]
  0x000002134889f800 JavaThread "build event listener" [_thread_blocked, id=11256, stack(0x000000fc3a300000,0x000000fc3a400000)]
  0x00000213488a3800 JavaThread "Execution worker for ':'" [_thread_blocked, id=3712, stack(0x000000fc3a400000,0x000000fc3a500000)]
  0x00000213488a5000 JavaThread "Execution worker for ':' Thread 2" [_thread_blocked, id=1388, stack(0x000000fc3a500000,0x000000fc3a600000)]
  0x00000213488a0000 JavaThread "Execution worker for ':' Thread 3" [_thread_blocked, id=1168, stack(0x000000fc3a600000,0x000000fc3a700000)]
  0x0000021347e5d800 JavaThread "Cache worker for execution history cache (C:\Users\admin\AndroidStudioProjects\NoMoreSnore\.gradle\6.7.1\executionHistory)" [_thread_blocked, id=2172, stack(0x000000fc3a700000,0x000000fc3a800000)]
  0x00000213490cc800 JavaThread "C2 CompilerThread1" daemon [_thread_blocked, id=9592, stack(0x000000fc32100000,0x000000fc32200000)]
  0x0000021347e64000 JavaThread "WorkerExecutor Queue" [_thread_blocked, id=9688, stack(0x000000fc3a800000,0x000000fc3a900000)]

Other Threads:
=>0x00000213435be800 VMThread "VM Thread" [stack: 0x000000fc30300000,0x000000fc30400000] [id=6552]
  0x00000213437cc000 WatcherThread [stack: 0x000000fc30d00000,0x000000fc30e00000] [id=3092]
  0x000002132731e000 GCTaskThread "GC Thread#0" [stack: 0x000000fc2fe00000,0x000000fc2ff00000] [id=7996]
  0x0000021343d68000 GCTaskThread "GC Thread#1" [stack: 0x000000fc30f00000,0x000000fc31000000] [id=9652]
  0x0000021343d68800 GCTaskThread "GC Thread#2" [stack: 0x000000fc31000000,0x000000fc31100000] [id=10048]
  0x000002134421d800 GCTaskThread "GC Thread#3" [stack: 0x000000fc31100000,0x000000fc31200000] [id=4644]
  0x0000021329339000 ConcurrentGCThread "G1 Main Marker" [stack: 0x000000fc2ff00000,0x000000fc30000000] [id=2408]
  0x000002132933b800 ConcurrentGCThread "G1 Conc#0" [stack: 0x000000fc30000000,0x000000fc30100000] [id=6544]
  0x0000021342c0a800 ConcurrentGCThread "G1 Refine#0" [stack: 0x000000fc30100000,0x000000fc30200000] [id=5096]
  0x000002134a9ca800 ConcurrentGCThread "G1 Refine#1" [stack: 0x000000fc3a100000,0x000000fc3a200000] [id=7152]
  0x0000021342c0b800 ConcurrentGCThread "G1 Young RemSet Sampling" [stack: 0x000000fc30200000,0x000000fc30300000] [id=3192]

Threads with active compile tasks:
C2 CompilerThread0  22559 9354   !   4       java.util.concurrent.ConcurrentHashMap::putVal (432 bytes)

VM state:at safepoint (normal execution)

VM Mutex/Monitor currently owned by a thread:  ([mutex/lock_event])
[0x00000213292f21a0] Threads_lock - owner thread: 0x00000213435be800
[0x00000213292f1db0] Heap_lock - owner thread: 0x00000213487c7800

Heap address: 0x0000000080000000, size: 2048 MB, Compressed Oops mode: 32-bit
Narrow klass base: 0x0000000000000000, Narrow klass shift: 3
Compressed class space size: 1073741824 Address: 0x0000000100000000

Heap:
 garbage-first heap   total 315392K, used 88064K [0x0000000080000000, 0x0000000100000000)
  region size 1024K, 15 young (15360K), 15 survivors (15360K)
 Metaspace       used 86117K, capacity 88167K, committed 88268K, reserved 1126400K
  class space    used 11196K, capacity 11932K, committed 12032K, reserved 1048576K
Heap Regions: E=young(eden), S=young(survivor), O=old, HS=humongous(starts), HC=humongous(continues), CS=collection set, F=free, A=archive, TAMS=top-at-mark-start (previous, next)
|   0|0x0000000080000000, 0x0000000080100000, 0x0000000080100000|100%| O|  |TAMS 0x0000000080100000, 0x0000000080000000| Untracked 
|   1|0x0000000080100000, 0x0000000080200000, 0x0000000080200000|100%| O|  |TAMS 0x0000000080200000, 0x0000000080100000| Untracked 
|   2|0x0000000080200000, 0x0000000080300000, 0x0000000080300000|100%| O|  |TAMS 0x0000000080300000, 0x0000000080200000| Untracked 
|   3|0x0000000080300000, 0x0000000080400000, 0x0000000080400000|100%|HS|  |TAMS 0x0000000080400000, 0x0000000080300000| Complete 
|   4|0x0000000080400000, 0x0000000080500000, 0x0000000080500000|100%|HC|  |TAMS 0x0000000080500000, 0x0000000080400000| Complete 
|   5|0x0000000080500000, 0x0000000080600000, 0x0000000080600000|100%|HC|  |TAMS 0x0000000080600000, 0x0000000080500000| Complete 
|   6|0x0000000080600000, 0x0000000080700000, 0x0000000080700000|100%| O|  |TAMS 0x0000000080700000, 0x0000000080600000| Untracked 
|   7|0x0000000080700000, 0x0000000080800000, 0x0000000080800000|100%| O|  |TAMS 0x0000000080800000, 0x0000000080700000| Untracked 
|   8|0x0000000080800000, 0x0000000080900000, 0x0000000080900000|100%| O|  |TAMS 0x0000000080900000, 0x0000000080800000| Untracked 
|   9|0x0000000080900000, 0x0000000080a00000, 0x0000000080a00000|100%| O|  |TAMS 0x0000000080a00000, 0x0000000080900000| Untracked 
|  10|0x0000000080a00000, 0x0000000080b00000, 0x0000000080b00000|100%| O|  |TAMS 0x0000000080b00000, 0x0000000080a00000| Untracked 
|  11|0x0000000080b00000, 0x0000000080c00000, 0x0000000080c00000|100%| O|  |TAMS 0x0000000080c00000, 0x0000000080b00000| Untracked 
|  12|0x0000000080c00000, 0x0000000080d00000, 0x0000000080d00000|100%| O|  |TAMS 0x0000000080d00000, 0x0000000080c00000| Untracked 
|  13|0x0000000080d00000, 0x0000000080e00000, 0x0000000080e00000|100%|HS|  |TAMS 0x0000000080e00000, 0x0000000080d00000| Complete 
|  14|0x0000000080e00000, 0x0000000080f00000, 0x0000000080f00000|100%|HS|  |TAMS 0x0000000080f00000, 0x0000000080e00000| Complete 
|  15|0x0000000080f00000, 0x0000000081000000, 0x0000000081000000|100%|HC|  |TAMS 0x0000000081000000, 0x0000000080f00000| Complete 
|  16|0x0000000081000000, 0x0000000081100000, 0x0000000081100000|100%|HC|  |TAMS 0x0000000081100000, 0x0000000081000000| Complete 
|  17|0x0000000081100000, 0x0000000081200000, 0x0000000081200000|100%|HS|  |TAMS 0x0000000081200000, 0x0000000081100000| Complete 
|  18|0x0000000081200000, 0x0000000081300000, 0x0000000081300000|100%|HC|  |TAMS 0x0000000081300000, 0x0000000081200000| Complete 
|  19|0x0000000081300000, 0x0000000081400000, 0x0000000081400000|100%| O|  |TAMS 0x0000000081400000, 0x0000000081300000| Untracked 
|  20|0x0000000081400000, 0x0000000081500000, 0x0000000081500000|100%| O|  |TAMS 0x0000000081500000, 0x0000000081400000| Untracked 
|  21|0x0000000081500000, 0x0000000081600000, 0x0000000081600000|100%| O|  |TAMS 0x0000000081600000, 0x0000000081500000| Untracked 
|  22|0x0000000081600000, 0x0000000081700000, 0x0000000081700000|100%| O|  |TAMS 0x0000000081700000, 0x0000000081600000| Untracked 
|  23|0x0000000081700000, 0x0000000081800000, 0x0000000081800000|100%| O|  |TAMS 0x0000000081800000, 0x0000000081700000| Untracked 
|  24|0x0000000081800000, 0x0000000081900000, 0x0000000081900000|100%| O|  |TAMS 0x0000000081900000, 0x0000000081800000| Untracked 
|  25|0x0000000081900000, 0x0000000081a00000, 0x0000000081a00000|100%| O|  |TAMS 0x0000000081a00000, 0x0000000081900000| Untracked 
|  26|0x0000000081a00000, 0x0000000081b00000, 0x0000000081b00000|100%| O|  |TAMS 0x0000000081b00000, 0x0000000081a00000| Untracked 
|  27|0x0000000081b00000, 0x0000000081c00000, 0x0000000081c00000|100%| O|  |TAMS 0x0000000081c00000, 0x0000000081b00000| Untracked 
|  28|0x0000000081c00000, 0x0000000081d00000, 0x0000000081d00000|100%| O|  |TAMS 0x0000000081d00000, 0x0000000081c00000| Untracked 
|  29|0x0000000081d00000, 0x0000000081e00000, 0x0000000081e00000|100%| O|  |TAMS 0x0000000081e00000, 0x0000000081d00000| Untracked 
|  30|0x0000000081e00000, 0x0000000081f00000, 0x0000000081f00000|100%| O|  |TAMS 0x0000000081f00000, 0x0000000081e00000| Untracked 
|  31|0x0000000081f00000, 0x0000000082000000, 0x0000000082000000|100%| O|  |TAMS 0x0000000082000000, 0x0000000081f00000| Untracked 
|  32|0x0000000082000000, 0x0000000082100000, 0x0000000082100000|100%| O|  |TAMS 0x0000000082100000, 0x0000000082000000| Untracked 
|  33|0x0000000082100000, 0x0000000082200000, 0x0000000082200000|100%| O|  |TAMS 0x0000000082200000, 0x0000000082100000| Untracked 
|  34|0x0000000082200000, 0x0000000082300000, 0x0000000082300000|100%| O|  |TAMS 0x0000000082300000, 0x0000000082200000| Untracked 
|  35|0x0000000082300000, 0x0000000082400000, 0x0000000082400000|100%| O|  |TAMS 0x0000000082400000, 0x0000000082300000| Untracked 
|  36|0x0000000082400000, 0x0000000082500000, 0x0000000082500000|100%| O|  |TAMS 0x0000000082500000, 0x0000000082400000| Untracked 
|  37|0x0000000082500000, 0x0000000082600000, 0x0000000082600000|100%| O|  |TAMS 0x0000000082600000, 0x0000000082500000| Untracked 
|  38|0x0000000082600000, 0x0000000082700000, 0x0000000082700000|100%| O|  |TAMS 0x0000000082700000, 0x0000000082600000| Untracked 
|  39|0x0000000082700000, 0x0000000082800000, 0x0000000082800000|100%| O|  |TAMS 0x0000000082800000, 0x0000000082700000| Untracked 
|  40|0x0000000082800000, 0x0000000082900000, 0x0000000082900000|100%| O|  |TAMS 0x0000000082900000, 0x0000000082800000| Untracked 
|  41|0x0000000082900000, 0x0000000082a00000, 0x0000000082a00000|100%| O|  |TAMS 0x0000000082a00000, 0x0000000082900000| Untracked 
|  42|0x0000000082a00000, 0x0000000082b00000, 0x0000000082b00000|100%| O|  |TAMS 0x0000000082b00000, 0x0000000082a00000| Untracked 
|  43|0x0000000082b00000, 0x0000000082c00000, 0x0000000082c00000|100%| O|  |TAMS 0x0000000082c00000, 0x0000000082b00000| Untracked 
|  44|0x0000000082c00000, 0x0000000082d00000, 0x0000000082d00000|100%| O|  |TAMS 0x0000000082d00000, 0x0000000082c00000| Untracked 
|  45|0x0000000082d00000, 0x0000000082e00000, 0x0000000082e00000|100%| O|  |TAMS 0x0000000082e00000, 0x0000000082d00000| Untracked 
|  46|0x0000000082e00000, 0x0000000082f00000, 0x0000000082f00000|100%| O|  |TAMS 0x0000000082e93200, 0x0000000082e00000| Untracked 
|  47|0x0000000082f00000, 0x0000000083000000, 0x0000000083000000|100%| O|  |TAMS 0x0000000082f00000, 0x0000000082f00000| Untracked 
|  48|0x0000000083000000, 0x0000000083100000, 0x0000000083100000|100%| O|  |TAMS 0x0000000083000000, 0x0000000083000000| Untracked 
|  49|0x0000000083100000, 0x0000000083200000, 0x0000000083200000|100%| O|  |TAMS 0x0000000083100000, 0x0000000083100000| Untracked 
|  50|0x0000000083200000, 0x0000000083300000, 0x0000000083300000|100%| O|  |TAMS 0x0000000083200000, 0x0000000083200000| Untracked 
|  51|0x0000000083300000, 0x0000000083400000, 0x0000000083400000|100%| O|  |TAMS 0x0000000083300000, 0x0000000083300000| Untracked 
|  52|0x0000000083400000, 0x0000000083500000, 0x0000000083500000|100%| O|  |TAMS 0x0000000083400000, 0x0000000083400000| Untracked 
|  53|0x0000000083500000, 0x0000000083500000, 0x0000000083600000|  0%| F|  |TAMS 0x0000000083500000, 0x0000000083500000| Untracked 
|  54|0x0000000083600000, 0x0000000083700000, 0x0000000083700000|100%|HS|  |TAMS 0x0000000083600000, 0x0000000083600000| Complete 
|  55|0x0000000083700000, 0x0000000083800000, 0x0000000083800000|100%| O|  |TAMS 0x0000000083700000, 0x0000000083700000| Untracked 
|  56|0x0000000083800000, 0x0000000083900000, 0x0000000083900000|100%| O|  |TAMS 0x0000000083800000, 0x0000000083800000| Untracked 
|  57|0x0000000083900000, 0x0000000083a00000, 0x0000000083a00000|100%| O|  |TAMS 0x0000000083900000, 0x0000000083900000| Untracked 
|  58|0x0000000083a00000, 0x0000000083b00000, 0x0000000083b00000|100%| O|  |TAMS 0x0000000083a00000, 0x0000000083a00000| Untracked 
|  59|0x0000000083b00000, 0x0000000083c00000, 0x0000000083c00000|100%| O|  |TAMS 0x0000000083b00000, 0x0000000083b00000| Untracked 
|  60|0x0000000083c00000, 0x0000000083d00000, 0x0000000083d00000|100%| O|  |TAMS 0x0000000083c00000, 0x0000000083c00000| Untracked 
|  61|0x0000000083d00000, 0x0000000083e00000, 0x0000000083e00000|100%| O|  |TAMS 0x0000000083d00000, 0x0000000083d00000| Untracked 
|  62|0x0000000083e00000, 0x0000000083f00000, 0x0000000083f00000|100%| O|  |TAMS 0x0000000083e00000, 0x0000000083e00000| Untracked 
|  63|0x0000000083f00000, 0x0000000084000000, 0x0000000084000000|100%| O|  |TAMS 0x0000000083f00000, 0x0000000083f00000| Untracked 
|  64|0x0000000084000000, 0x0000000084100000, 0x0000000084100000|100%| O|  |TAMS 0x0000000084000000, 0x0000000084000000| Untracked 
|  65|0x0000000084100000, 0x0000000084200000, 0x0000000084200000|100%| O|  |TAMS 0x0000000084100000, 0x0000000084100000| Untracked 
|  66|0x0000000084200000, 0x0000000084300000, 0x0000000084300000|100%| O|  |TAMS 0x0000000084200000, 0x0000000084200000| Untracked 
|  67|0x0000000084300000, 0x0000000084400000, 0x0000000084400000|100%| O|  |TAMS 0x0000000084300000, 0x0000000084300000| Untracked 
|  68|0x0000000084400000, 0x0000000084500000, 0x0000000084500000|100%| O|  |TAMS 0x0000000084400000, 0x0000000084400000| Untracked 
|  69|0x0000000084500000, 0x0000000084600000, 0x0000000084600000|100%| O|  |TAMS 0x0000000084500000, 0x0000000084500000| Untracked 
|  70|0x0000000084600000, 0x0000000084700000, 0x0000000084700000|100%| O|  |TAMS 0x0000000084600000, 0x0000000084600000| Untracked 
|  71|0x0000000084700000, 0x0000000084800000, 0x0000000084800000|100%| O|  |TAMS 0x0000000084700000, 0x0000000084700000| Untracked 
|  72|0x0000000084800000, 0x0000000084800000, 0x0000000084900000|  0%| F|  |TAMS 0x0000000084800000, 0x0000000084800000| Untracked 
|  73|0x0000000084900000, 0x0000000084900000, 0x0000000084a00000|  0%| F|  |TAMS 0x0000000084900000, 0x0000000084900000| Untracked 
|  74|0x0000000084a00000, 0x0000000084a00000, 0x0000000084b00000|  0%| F|  |TAMS 0x0000000084a00000, 0x0000000084a00000| Untracked 
|  75|0x0000000084b00000, 0x0000000084b00000, 0x0000000084c00000|  0%| F|  |TAMS 0x0000000084b00000, 0x0000000084b00000| Untracked 
|  76|0x0000000084c00000, 0x0000000084c00000, 0x0000000084d00000|  0%| F|  |TAMS 0x0000000084c00000, 0x0000000084c00000| Untracked 
|  77|0x0000000084d00000, 0x0000000084d00000, 0x0000000084e00000|  0%| F|  |TAMS 0x0000000084d00000, 0x0000000084d00000| Untracked 
|  78|0x0000000084e00000, 0x0000000084e00000, 0x0000000084f00000|  0%| F|  |TAMS 0x0000000084e00000, 0x0000000084e00000| Untracked 
|  79|0x0000000084f00000, 0x0000000084f00000, 0x0000000085000000|  0%| F|  |TAMS 0x0000000084f00000, 0x0000000084f00000| Untracked 
|  80|0x0000000085000000, 0x0000000085000000, 0x0000000085100000|  0%| F|  |TAMS 0x0000000085000000, 0x0000000085000000| Untracked 
|  81|0x0000000085100000, 0x0000000085100000, 0x0000000085200000|  0%| F|  |TAMS 0x0000000085100000, 0x0000000085100000| Untracked 
|  82|0x0000000085200000, 0x0000000085200000, 0x0000000085300000|  0%| F|  |TAMS 0x0000000085200000, 0x0000000085200000| Untracked 
|  83|0x0000000085300000, 0x0000000085300000, 0x0000000085400000|  0%| F|  |TAMS 0x0000000085300000, 0x0000000085300000| Untracked 
|  84|0x0000000085400000, 0x0000000085400000, 0x0000000085500000|  0%| F|  |TAMS 0x0000000085400000, 0x0000000085400000| Untracked 
|  85|0x0000000085500000, 0x0000000085500000, 0x0000000085600000|  0%| F|  |TAMS 0x0000000085500000, 0x0000000085500000| Untracked 
|  86|0x0000000085600000, 0x0000000085600000, 0x0000000085700000|  0%| F|  |TAMS 0x0000000085600000, 0x0000000085600000| Untracked 
|  87|0x0000000085700000, 0x0000000085700000, 0x0000000085800000|  0%| F|  |TAMS 0x0000000085700000, 0x0000000085700000| Untracked 
|  88|0x0000000085800000, 0x0000000085800000, 0x0000000085900000|  0%| F|  |TAMS 0x0000000085800000, 0x0000000085800000| Untracked 
|  89|0x0000000085900000, 0x0000000085900000, 0x0000000085a00000|  0%| F|  |TAMS 0x0000000085900000, 0x0000000085900000| Untracked 
|  90|0x0000000085a00000, 0x0000000085a00000, 0x0000000085b00000|  0%| F|  |TAMS 0x0000000085a00000, 0x0000000085a00000| Untracked 
|  91|0x0000000085b00000, 0x0000000085b00000, 0x0000000085c00000|  0%| F|  |TAMS 0x0000000085b00000, 0x0000000085b00000| Untracked 
|  92|0x0000000085c00000, 0x0000000085c00000, 0x0000000085d00000|  0%| F|  |TAMS 0x0000000085c00000, 0x0000000085c00000| Untracked 
|  93|0x0000000085d00000, 0x0000000085d00000, 0x0000000085e00000|  0%| F|  |TAMS 0x0000000085d00000, 0x0000000085d00000| Untracked 
|  94|0x0000000085e00000, 0x0000000085e00000, 0x0000000085f00000|  0%| F|  |TAMS 0x0000000085e00000, 0x0000000085e00000| Untracked 
|  95|0x0000000085f00000, 0x0000000085f00000, 0x0000000086000000|  0%| F|  |TAMS 0x0000000085f00000, 0x0000000085f00000| Untracked 
|  96|0x0000000086000000, 0x0000000086000000, 0x0000000086100000|  0%| F|  |TAMS 0x0000000086000000, 0x0000000086000000| Untracked 
|  97|0x0000000086100000, 0x0000000086100000, 0x0000000086200000|  0%| F|  |TAMS 0x0000000086100000, 0x0000000086100000| Untracked 
|  98|0x0000000086200000, 0x0000000086200000, 0x0000000086300000|  0%| F|  |TAMS 0x0000000086200000, 0x0000000086200000| Untracked 
|  99|0x0000000086300000, 0x0000000086300000, 0x0000000086400000|  0%| F|  |TAMS 0x0000000086300000, 0x0000000086300000| Untracked 
| 100|0x0000000086400000, 0x0000000086400000, 0x0000000086500000|  0%| F|  |TAMS 0x0000000086400000, 0x0000000086400000| Untracked 
| 101|0x0000000086500000, 0x0000000086500000, 0x0000000086600000|  0%| F|  |TAMS 0x0000000086500000, 0x0000000086500000| Untracked 
| 102|0x0000000086600000, 0x0000000086600000, 0x0000000086700000|  0%| F|  |TAMS 0x0000000086600000, 0x0000000086600000| Untracked 
| 103|0x0000000086700000, 0x0000000086700000, 0x0000000086800000|  0%| F|  |TAMS 0x0000000086700000, 0x0000000086700000| Untracked 
| 104|0x0000000086800000, 0x0000000086800000, 0x0000000086900000|  0%| F|  |TAMS 0x0000000086800000, 0x0000000086800000| Untracked 
| 105|0x0000000086900000, 0x0000000086900000, 0x0000000086a00000|  0%| F|  |TAMS 0x0000000086900000, 0x0000000086900000| Untracked 
| 106|0x0000000086a00000, 0x0000000086a00000, 0x0000000086b00000|  0%| F|  |TAMS 0x0000000086a00000, 0x0000000086a00000| Untracked 
| 107|0x0000000086b00000, 0x0000000086b00000, 0x0000000086c00000|  0%| F|  |TAMS 0x0000000086b00000, 0x0000000086b00000| Untracked 
| 108|0x0000000086c00000, 0x0000000086c00000, 0x0000000086d00000|  0%| F|  |TAMS 0x0000000086c00000, 0x0000000086c00000| Untracked 
| 109|0x0000000086d00000, 0x0000000086d00000, 0x0000000086e00000|  0%| F|  |TAMS 0x0000000086d00000, 0x0000000086d00000| Untracked 
| 110|0x0000000086e00000, 0x0000000086e00000, 0x0000000086f00000|  0%| F|  |TAMS 0x0000000086e00000, 0x0000000086e00000| Untracked 
| 111|0x0000000086f00000, 0x0000000086f00000, 0x0000000087000000|  0%| F|  |TAMS 0x0000000086f00000, 0x0000000086f00000| Untracked 
| 112|0x0000000087000000, 0x0000000087000000, 0x0000000087100000|  0%| F|  |TAMS 0x0000000087000000, 0x0000000087000000| Untracked 
| 113|0x0000000087100000, 0x0000000087100000, 0x0000000087200000|  0%| F|  |TAMS 0x0000000087100000, 0x0000000087100000| Untracked 
| 114|0x0000000087200000, 0x0000000087200000, 0x0000000087300000|  0%| F|  |TAMS 0x0000000087200000, 0x0000000087200000| Untracked 
| 115|0x0000000087300000, 0x0000000087300000, 0x0000000087400000|  0%| F|  |TAMS 0x0000000087300000, 0x0000000087300000| Untracked 
| 116|0x0000000087400000, 0x0000000087400000, 0x0000000087500000|  0%| F|  |TAMS 0x0000000087400000, 0x0000000087400000| Untracked 
| 117|0x0000000087500000, 0x0000000087500000, 0x0000000087600000|  0%| F|  |TAMS 0x0000000087500000, 0x0000000087500000| Untracked 
| 118|0x0000000087600000, 0x0000000087600000, 0x0000000087700000|  0%| F|  |TAMS 0x0000000087600000, 0x0000000087600000| Untracked 
| 119|0x0000000087700000, 0x0000000087700000, 0x0000000087800000|  0%| F|  |TAMS 0x0000000087700000, 0x0000000087700000| Untracked 
| 120|0x0000000087800000, 0x0000000087800000, 0x0000000087900000|  0%| F|  |TAMS 0x0000000087800000, 0x0000000087800000| Untracked 
| 121|0x0000000087900000, 0x0000000087900000, 0x0000000087a00000|  0%| F|  |TAMS 0x0000000087900000, 0x0000000087900000| Untracked 
| 122|0x0000000087a00000, 0x0000000087a00000, 0x0000000087b00000|  0%| F|  |TAMS 0x0000000087a00000, 0x0000000087a00000| Untracked 
| 123|0x0000000087b00000, 0x0000000087c00000, 0x0000000087c00000|100%| S|CS|TAMS 0x0000000087b00000, 0x0000000087b00000| Complete 
| 124|0x0000000087c00000, 0x0000000087d00000, 0x0000000087d00000|100%| S|CS|TAMS 0x0000000087c00000, 0x0000000087c00000| Complete 
| 125|0x0000000087d00000, 0x0000000087e00000, 0x0000000087e00000|100%| S|CS|TAMS 0x0000000087d00000, 0x0000000087d00000| Complete 
| 126|0x0000000087e00000, 0x0000000087f00000, 0x0000000087f00000|100%| S|CS|TAMS 0x0000000087e00000, 0x0000000087e00000| Complete 
| 127|0x0000000087f00000, 0x0000000088000000, 0x0000000088000000|100%| S|CS|TAMS 0x0000000087f00000, 0x0000000087f00000| Complete 
| 128|0x0000000088000000, 0x0000000088000000, 0x0000000088100000|  0%| F|  |TAMS 0x0000000088000000, 0x0000000088000000| Untracked 
| 129|0x0000000088100000, 0x0000000088100000, 0x0000000088200000|  0%| F|  |TAMS 0x0000000088100000, 0x0000000088100000| Untracked 
| 130|0x0000000088200000, 0x0000000088200000, 0x0000000088300000|  0%| F|  |TAMS 0x0000000088200000, 0x0000000088200000| Untracked 
| 131|0x0000000088300000, 0x0000000088300000, 0x0000000088400000|  0%| F|  |TAMS 0x0000000088300000, 0x0000000088300000| Untracked 
| 132|0x0000000088400000, 0x0000000088400000, 0x0000000088500000|  0%| F|  |TAMS 0x0000000088400000, 0x0000000088400000| Untracked 
| 133|0x0000000088500000, 0x0000000088500000, 0x0000000088600000|  0%| F|  |TAMS 0x0000000088500000, 0x0000000088500000| Untracked 
| 134|0x0000000088600000, 0x0000000088600000, 0x0000000088700000|  0%| F|  |TAMS 0x0000000088600000, 0x0000000088600000| Untracked 
| 135|0x0000000088700000, 0x0000000088700000, 0x0000000088800000|  0%| F|  |TAMS 0x0000000088700000, 0x0000000088700000| Untracked 
| 136|0x0000000088800000, 0x0000000088800000, 0x0000000088900000|  0%| F|  |TAMS 0x0000000088800000, 0x0000000088800000| Untracked 
| 137|0x0000000088900000, 0x0000000088900000, 0x0000000088a00000|  0%| F|  |TAMS 0x0000000088900000, 0x0000000088900000| Untracked 
| 138|0x0000000088a00000, 0x0000000088a00000, 0x0000000088b00000|  0%| F|  |TAMS 0x0000000088a00000, 0x0000000088a00000| Untracked 
| 139|0x0000000088b00000, 0x0000000088c00000, 0x0000000088c00000|100%| S|CS|TAMS 0x0000000088b00000, 0x0000000088b00000| Complete 
| 140|0x0000000088c00000, 0x0000000088d00000, 0x0000000088d00000|100%| S|CS|TAMS 0x0000000088c00000, 0x0000000088c00000| Complete 
| 141|0x0000000088d00000, 0x0000000088e00000, 0x0000000088e00000|100%| S|CS|TAMS 0x0000000088d00000, 0x0000000088d00000| Complete 
| 142|0x0000000088e00000, 0x0000000088f00000, 0x0000000088f00000|100%| S|CS|TAMS 0x0000000088e00000, 0x0000000088e00000| Complete 
| 143|0x0000000088f00000, 0x0000000089000000, 0x0000000089000000|100%| S|CS|TAMS 0x0000000088f00000, 0x0000000088f00000| Complete 
| 144|0x0000000089000000, 0x0000000089100000, 0x0000000089100000|100%| S|CS|TAMS 0x0000000089000000, 0x0000000089000000| Complete 
| 145|0x0000000089100000, 0x0000000089200000, 0x0000000089200000|100%| S|CS|TAMS 0x0000000089100000, 0x0000000089100000| Complete 
| 146|0x0000000089200000, 0x0000000089300000, 0x0000000089300000|100%| S|CS|TAMS 0x0000000089200000, 0x0000000089200000| Complete 
| 147|0x0000000089300000, 0x0000000089400000, 0x0000000089400000|100%| S|CS|TAMS 0x0000000089300000, 0x0000000089300000| Complete 
| 148|0x0000000089400000, 0x0000000089500000, 0x0000000089500000|100%| S|CS|TAMS 0x0000000089400000, 0x0000000089400000| Complete 
| 149|0x0000000089500000, 0x0000000089500000, 0x0000000089600000|  0%| F|  |TAMS 0x0000000089500000, 0x0000000089500000| Untracked 
| 150|0x0000000089600000, 0x0000000089600000, 0x0000000089700000|  0%| F|  |TAMS 0x0000000089600000, 0x0000000089600000| Untracked 
| 151|0x0000000089700000, 0x0000000089700000, 0x0000000089800000|  0%| F|  |TAMS 0x0000000089700000, 0x0000000089700000| Untracked 
| 152|0x0000000089800000, 0x0000000089800000, 0x0000000089900000|  0%| F|  |TAMS 0x0000000089800000, 0x0000000089800000| Untracked 
| 153|0x0000000089900000, 0x0000000089900000, 0x0000000089a00000|  0%| F|  |TAMS 0x0000000089900000, 0x0000000089900000| Untracked 
| 154|0x0000000089a00000, 0x0000000089a00000, 0x0000000089b00000|  0%| F|  |TAMS 0x0000000089a00000, 0x0000000089a00000| Untracked 
| 155|0x0000000089b00000, 0x0000000089b00000, 0x0000000089c00000|  0%| F|  |TAMS 0x0000000089b00000, 0x0000000089b00000| Untracked 
| 156|0x0000000089c00000, 0x0000000089c00000, 0x0000000089d00000|  0%| F|  |TAMS 0x0000000089c00000, 0x0000000089c00000| Untracked 
| 157|0x0000000089d00000, 0x0000000089d00000, 0x0000000089e00000|  0%| F|  |TAMS 0x0000000089d00000, 0x0000000089d00000| Untracked 
| 158|0x0000000089e00000, 0x0000000089e00000, 0x0000000089f00000|  0%| F|  |TAMS 0x0000000089e00000, 0x0000000089e00000| Untracked 
| 159|0x0000000089f00000, 0x0000000089f00000, 0x000000008a000000|  0%| F|  |TAMS 0x0000000089f00000, 0x0000000089f00000| Untracked 
| 160|0x000000008a000000, 0x000000008a000000, 0x000000008a100000|  0%| F|  |TAMS 0x000000008a000000, 0x000000008a000000| Untracked 
| 161|0x000000008a100000, 0x000000008a100000, 0x000000008a200000|  0%| F|  |TAMS 0x000000008a100000, 0x000000008a100000| Untracked 
| 162|0x000000008a200000, 0x000000008a200000, 0x000000008a300000|  0%| F|  |TAMS 0x000000008a200000, 0x000000008a200000| Untracked 
| 163|0x000000008a300000, 0x000000008a300000, 0x000000008a400000|  0%| F|  |TAMS 0x000000008a300000, 0x000000008a300000| Untracked 
| 164|0x000000008a400000, 0x000000008a400000, 0x000000008a500000|  0%| F|  |TAMS 0x000000008a400000, 0x000000008a400000| Untracked 
| 165|0x000000008a500000, 0x000000008a500000, 0x000000008a600000|  0%| F|  |TAMS 0x000000008a500000, 0x000000008a500000| Untracked 
| 166|0x000000008a600000, 0x000000008a600000, 0x000000008a700000|  0%| F|  |TAMS 0x000000008a600000, 0x000000008a600000| Untracked 
| 167|0x000000008a700000, 0x000000008a700000, 0x000000008a800000|  0%| F|  |TAMS 0x000000008a700000, 0x000000008a700000| Untracked 
| 168|0x000000008a800000, 0x000000008a800000, 0x000000008a900000|  0%| F|  |TAMS 0x000000008a800000, 0x000000008a800000| Untracked 
| 169|0x000000008a900000, 0x000000008a900000, 0x000000008aa00000|  0%| F|  |TAMS 0x000000008a900000, 0x000000008a900000| Untracked 
| 170|0x000000008aa00000, 0x000000008aa00000, 0x000000008ab00000|  0%| F|  |TAMS 0x000000008aa00000, 0x000000008aa00000| Untracked 
| 171|0x000000008ab00000, 0x000000008ab00000, 0x000000008ac00000|  0%| F|  |TAMS 0x000000008ab00000, 0x000000008ab00000| Untracked 
| 172|0x000000008ac00000, 0x000000008ac00000, 0x000000008ad00000|  0%| F|  |TAMS 0x000000008ac00000, 0x000000008ac00000| Untracked 
| 173|0x000000008ad00000, 0x000000008ad00000, 0x000000008ae00000|  0%| F|  |TAMS 0x000000008ad00000, 0x000000008ad00000| Untracked 
| 174|0x000000008ae00000, 0x000000008ae00000, 0x000000008af00000|  0%| F|  |TAMS 0x000000008ae00000, 0x000000008ae00000| Untracked 
| 175|0x000000008af00000, 0x000000008af00000, 0x000000008b000000|  0%| F|  |TAMS 0x000000008af00000, 0x000000008af00000| Untracked 
| 176|0x000000008b000000, 0x000000008b000000, 0x000000008b100000|  0%| F|  |TAMS 0x000000008b000000, 0x000000008b000000| Untracked 
| 177|0x000000008b100000, 0x000000008b100000, 0x000000008b200000|  0%| F|  |TAMS 0x000000008b100000, 0x000000008b100000| Untracked 
| 178|0x000000008b200000, 0x000000008b200000, 0x000000008b300000|  0%| F|  |TAMS 0x000000008b200000, 0x000000008b200000| Untracked 
| 179|0x000000008b300000, 0x000000008b300000, 0x000000008b400000|  0%| F|  |TAMS 0x000000008b300000, 0x000000008b300000| Untracked 
| 180|0x000000008b400000, 0x000000008b400000, 0x000000008b500000|  0%| F|  |TAMS 0x000000008b400000, 0x000000008b400000| Untracked 
| 181|0x000000008b500000, 0x000000008b500000, 0x000000008b600000|  0%| F|  |TAMS 0x000000008b500000, 0x000000008b500000| Untracked 
| 182|0x000000008b600000, 0x000000008b600000, 0x000000008b700000|  0%| F|  |TAMS 0x000000008b600000, 0x000000008b600000| Untracked 
| 183|0x000000008b700000, 0x000000008b700000, 0x000000008b800000|  0%| F|  |TAMS 0x000000008b700000, 0x000000008b700000| Untracked 
| 184|0x000000008b800000, 0x000000008b800000, 0x000000008b900000|  0%| F|  |TAMS 0x000000008b800000, 0x000000008b800000| Untracked 
| 185|0x000000008b900000, 0x000000008b900000, 0x000000008ba00000|  0%| F|  |TAMS 0x000000008b900000, 0x000000008b900000| Untracked 
| 186|0x000000008ba00000, 0x000000008ba00000, 0x000000008bb00000|  0%| F|  |TAMS 0x000000008ba00000, 0x000000008ba00000| Untracked 
| 187|0x000000008bb00000, 0x000000008bb00000, 0x000000008bc00000|  0%| F|  |TAMS 0x000000008bb00000, 0x000000008bb00000| Untracked 
| 188|0x000000008bc00000, 0x000000008bc00000, 0x000000008bd00000|  0%| F|  |TAMS 0x000000008bc00000, 0x000000008bc00000| Untracked 
| 189|0x000000008bd00000, 0x000000008bd00000, 0x000000008be00000|  0%| F|  |TAMS 0x000000008bd00000, 0x000000008bd00000| Untracked 
| 190|0x000000008be00000, 0x000000008be00000, 0x000000008bf00000|  0%| F|  |TAMS 0x000000008be00000, 0x000000008be00000| Untracked 
| 191|0x000000008bf00000, 0x000000008bf00000, 0x000000008c000000|  0%| F|  |TAMS 0x000000008bf00000, 0x000000008bf00000| Untracked 
| 192|0x000000008c000000, 0x000000008c000000, 0x000000008c100000|  0%| F|  |TAMS 0x000000008c000000, 0x000000008c000000| Untracked 
| 193|0x000000008c100000, 0x000000008c100000, 0x000000008c200000|  0%| F|  |TAMS 0x000000008c100000, 0x000000008c100000| Untracked 
| 194|0x000000008c200000, 0x000000008c200000, 0x000000008c300000|  0%| F|  |TAMS 0x000000008c200000, 0x000000008c200000| Untracked 
| 195|0x000000008c300000, 0x000000008c300000, 0x000000008c400000|  0%| F|  |TAMS 0x000000008c300000, 0x000000008c300000| Untracked 
| 196|0x000000008c400000, 0x000000008c400000, 0x000000008c500000|  0%| F|  |TAMS 0x000000008c400000, 0x000000008c400000| Untracked 
| 197|0x000000008c500000, 0x000000008c500000, 0x000000008c600000|  0%| F|  |TAMS 0x000000008c500000, 0x000000008c500000| Untracked 
| 198|0x000000008c600000, 0x000000008c600000, 0x000000008c700000|  0%| F|  |TAMS 0x000000008c600000, 0x000000008c600000| Untracked 
| 199|0x000000008c700000, 0x000000008c700000, 0x000000008c800000|  0%| F|  |TAMS 0x000000008c700000, 0x000000008c700000| Untracked 
| 200|0x000000008c800000, 0x000000008c800000, 0x000000008c900000|  0%| F|  |TAMS 0x000000008c800000, 0x000000008c800000| Untracked 
| 201|0x000000008c900000, 0x000000008c900000, 0x000000008ca00000|  0%| F|  |TAMS 0x000000008c900000, 0x000000008c900000| Untracked 
| 202|0x000000008ca00000, 0x000000008ca00000, 0x000000008cb00000|  0%| F|  |TAMS 0x000000008ca00000, 0x000000008ca00000| Untracked 
| 203|0x000000008cb00000, 0x000000008cb00000, 0x000000008cc00000|  0%| F|  |TAMS 0x000000008cb00000, 0x000000008cb00000| Untracked 
| 204|0x000000008cc00000, 0x000000008cc00000, 0x000000008cd00000|  0%| F|  |TAMS 0x000000008cc00000, 0x000000008cc00000| Untracked 
| 205|0x000000008cd00000, 0x000000008cd00000, 0x000000008ce00000|  0%| F|  |TAMS 0x000000008cd00000, 0x000000008cd00000| Untracked 
| 206|0x000000008ce00000, 0x000000008ce00000, 0x000000008cf00000|  0%| F|  |TAMS 0x000000008ce00000, 0x000000008ce00000| Untracked 
| 207|0x000000008cf00000, 0x000000008cf00000, 0x000000008d000000|  0%| F|  |TAMS 0x000000008cf00000, 0x000000008cf00000| Untracked 
| 208|0x000000008d000000, 0x000000008d000000, 0x000000008d100000|  0%| F|  |TAMS 0x000000008d000000, 0x000000008d000000| Untracked 
| 209|0x000000008d100000, 0x000000008d100000, 0x000000008d200000|  0%| F|  |TAMS 0x000000008d100000, 0x000000008d100000| Untracked 
| 210|0x000000008d200000, 0x000000008d200000, 0x000000008d300000|  0%| F|  |TAMS 0x000000008d200000, 0x000000008d200000| Untracked 
| 211|0x000000008d300000, 0x000000008d300000, 0x000000008d400000|  0%| F|  |TAMS 0x000000008d300000, 0x000000008d300000| Untracked 
| 212|0x000000008d400000, 0x000000008d400000, 0x000000008d500000|  0%| F|  |TAMS 0x000000008d400000, 0x000000008d400000| Untracked 
| 213|0x000000008d500000, 0x000000008d500000, 0x000000008d600000|  0%| F|  |TAMS 0x000000008d500000, 0x000000008d500000| Untracked 
| 214|0x000000008d600000, 0x000000008d600000, 0x000000008d700000|  0%| F|  |TAMS 0x000000008d600000, 0x000000008d600000| Untracked 
| 215|0x000000008d700000, 0x000000008d700000, 0x000000008d800000|  0%| F|  |TAMS 0x000000008d700000, 0x000000008d700000| Untracked 
| 216|0x000000008d800000, 0x000000008d800000, 0x000000008d900000|  0%| F|  |TAMS 0x000000008d800000, 0x000000008d800000| Untracked 
| 217|0x000000008d900000, 0x000000008d900000, 0x000000008da00000|  0%| F|  |TAMS 0x000000008d900000, 0x000000008d900000| Untracked 
| 218|0x000000008da00000, 0x000000008da00000, 0x000000008db00000|  0%| F|  |TAMS 0x000000008da00000, 0x000000008da00000| Untracked 
| 219|0x000000008db00000, 0x000000008db00000, 0x000000008dc00000|  0%| F|  |TAMS 0x000000008db00000, 0x000000008db00000| Untracked 
| 220|0x000000008dc00000, 0x000000008dc00000, 0x000000008dd00000|  0%| F|  |TAMS 0x000000008dc00000, 0x000000008dc00000| Untracked 
| 221|0x000000008dd00000, 0x000000008dd00000, 0x000000008de00000|  0%| F|  |TAMS 0x000000008dd00000, 0x000000008dd00000| Untracked 
| 222|0x000000008de00000, 0x000000008de00000, 0x000000008df00000|  0%| F|  |TAMS 0x000000008de00000, 0x000000008de00000| Untracked 
| 223|0x000000008df00000, 0x000000008df00000, 0x000000008e000000|  0%| F|  |TAMS 0x000000008df00000, 0x000000008df00000| Untracked 
| 224|0x000000008e000000, 0x000000008e000000, 0x000000008e100000|  0%| F|  |TAMS 0x000000008e000000, 0x000000008e000000| Untracked 
| 225|0x000000008e100000, 0x000000008e100000, 0x000000008e200000|  0%| F|  |TAMS 0x000000008e100000, 0x000000008e100000| Untracked 
| 226|0x000000008e200000, 0x000000008e200000, 0x000000008e300000|  0%| F|  |TAMS 0x000000008e200000, 0x000000008e200000| Untracked 
| 227|0x000000008e300000, 0x000000008e300000, 0x000000008e400000|  0%| F|  |TAMS 0x000000008e300000, 0x000000008e300000| Untracked 
| 228|0x000000008e400000, 0x000000008e400000, 0x000000008e500000|  0%| F|  |TAMS 0x000000008e400000, 0x000000008e400000| Untracked 
| 229|0x000000008e500000, 0x000000008e500000, 0x000000008e600000|  0%| F|  |TAMS 0x000000008e500000, 0x000000008e500000| Untracked 
| 230|0x000000008e600000, 0x000000008e600000, 0x000000008e700000|  0%| F|  |TAMS 0x000000008e600000, 0x000000008e600000| Untracked 
| 231|0x000000008e700000, 0x000000008e700000, 0x000000008e800000|  0%| F|  |TAMS 0x000000008e700000, 0x000000008e700000| Untracked 
| 232|0x000000008e800000, 0x000000008e800000, 0x000000008e900000|  0%| F|  |TAMS 0x000000008e800000, 0x000000008e800000| Untracked 
| 233|0x000000008e900000, 0x000000008e900000, 0x000000008ea00000|  0%| F|  |TAMS 0x000000008e900000, 0x000000008e900000| Untracked 
| 234|0x000000008ea00000, 0x000000008ea00000, 0x000000008eb00000|  0%| F|  |TAMS 0x000000008ea00000, 0x000000008ea00000| Untracked 
| 235|0x000000008eb00000, 0x000000008eb00000, 0x000000008ec00000|  0%| F|  |TAMS 0x000000008eb00000, 0x000000008eb00000| Untracked 
| 236|0x000000008ec00000, 0x000000008ec00000, 0x000000008ed00000|  0%| F|  |TAMS 0x000000008ec00000, 0x000000008ec00000| Untracked 
| 237|0x000000008ed00000, 0x000000008ed00000, 0x000000008ee00000|  0%| F|  |TAMS 0x000000008ed00000, 0x000000008ed00000| Untracked 
| 238|0x000000008ee00000, 0x000000008ee00000, 0x000000008ef00000|  0%| F|  |TAMS 0x000000008ee00000, 0x000000008ee00000| Untracked 
| 239|0x000000008ef00000, 0x000000008ef00000, 0x000000008f000000|  0%| F|  |TAMS 0x000000008ef00000, 0x000000008ef00000| Untracked 
| 240|0x000000008f000000, 0x000000008f000000, 0x000000008f100000|  0%| F|  |TAMS 0x000000008f000000, 0x000000008f000000| Untracked 
| 241|0x000000008f100000, 0x000000008f100000, 0x000000008f200000|  0%| F|  |TAMS 0x000000008f100000, 0x000000008f100000| Untracked 
| 242|0x000000008f200000, 0x000000008f200000, 0x000000008f300000|  0%| F|  |TAMS 0x000000008f200000, 0x000000008f200000| Untracked 
| 243|0x000000008f300000, 0x000000008f300000, 0x000000008f400000|  0%| F|  |TAMS 0x000000008f300000, 0x000000008f300000| Untracked 
| 244|0x000000008f400000, 0x000000008f400000, 0x000000008f500000|  0%| F|  |TAMS 0x000000008f400000, 0x000000008f400000| Untracked 
| 245|0x000000008f500000, 0x000000008f500000, 0x000000008f600000|  0%| F|  |TAMS 0x000000008f500000, 0x000000008f500000| Untracked 
| 246|0x000000008f600000, 0x000000008f600000, 0x000000008f700000|  0%| F|  |TAMS 0x000000008f600000, 0x000000008f600000| Untracked 
| 247|0x000000008f700000, 0x000000008f700000, 0x000000008f800000|  0%| F|  |TAMS 0x000000008f700000, 0x000000008f700000| Untracked 
| 248|0x000000008f800000, 0x000000008f800000, 0x000000008f900000|  0%| F|  |TAMS 0x000000008f800000, 0x000000008f800000| Untracked 
| 249|0x000000008f900000, 0x000000008f900000, 0x000000008fa00000|  0%| F|  |TAMS 0x000000008f900000, 0x000000008f900000| Untracked 
| 250|0x000000008fa00000, 0x000000008fa00000, 0x000000008fb00000|  0%| F|  |TAMS 0x000000008fa00000, 0x000000008fa00000| Untracked 
| 251|0x000000008fb00000, 0x000000008fb00000, 0x000000008fc00000|  0%| F|  |TAMS 0x000000008fb00000, 0x000000008fb00000| Untracked 
| 252|0x000000008fc00000, 0x000000008fc00000, 0x000000008fd00000|  0%| F|  |TAMS 0x000000008fc00000, 0x000000008fc00000| Untracked 
| 253|0x000000008fd00000, 0x000000008fd00000, 0x000000008fe00000|  0%| F|  |TAMS 0x000000008fd00000, 0x000000008fd00000| Untracked 
| 254|0x000000008fe00000, 0x000000008fe00000, 0x000000008ff00000|  0%| F|  |TAMS 0x000000008fe00000, 0x000000008fe00000| Untracked 
| 255|0x000000008ff00000, 0x000000008ff00000, 0x0000000090000000|  0%| F|  |TAMS 0x000000008ff00000, 0x000000008ff00000| Untracked 

Card table byte_map: [0x000002133c060000,0x000002133c460000] _byte_map_base: 0x000002133bc60000

Marking Bits (Prev, Next): (CMBitMap*) 0x00000213293301d8, (CMBitMap*) 0x0000021329330210
 Prev Bits: [0x000002133c860000, 0x000002133e860000)
 Next Bits: [0x000002133e860000, 0x0000021340860000)

Polling page: 0x0000021327200000

Metaspace:

Usage:
  Non-class:     74.45 MB capacity,    73.16 MB ( 98%) used,     1.07 MB (  1%) free+waste,   221.94 KB ( <1%) overhead. 
      Class:     11.65 MB capacity,    10.93 MB ( 94%) used,   634.84 KB (  5%) free+waste,   100.88 KB ( <1%) overhead. 
       Both:     86.10 MB capacity,    84.10 MB ( 98%) used,     1.69 MB (  2%) free+waste,   322.81 KB ( <1%) overhead. 

Virtual space:
  Non-class space:       76.00 MB reserved,      74.45 MB ( 98%) committed 
      Class space:        1.00 GB reserved,      11.75 MB (  1%) committed 
             Both:        1.07 GB reserved,      86.20 MB (  8%) committed 

Chunk freelists:
   Non-Class:  1.00 KB
       Class:  4.00 KB
        Both:  5.00 KB

MaxMetaspaceSize: 17179869184.00 GB
CompressedClassSpaceSize: 1.00 GB

CodeHeap 'non-profiled nmethods': size=120064Kb used=5080Kb max_used=5080Kb free=114983Kb
 bounds [0x0000021334720000, 0x0000021334c20000, 0x000002133bc60000]
CodeHeap 'profiled nmethods': size=120000Kb used=19852Kb max_used=19852Kb free=100148Kb
 bounds [0x000002132d1f0000, 0x000002132e560000, 0x0000021334720000]
CodeHeap 'non-nmethods': size=5696Kb used=2254Kb max_used=2282Kb free=3441Kb
 bounds [0x000002132cc60000, 0x000002132ced0000, 0x000002132d1f0000]
 total_blobs=9962 nmethods=9105 adapters=769
 compilation: enabled
              stopped_count=0, restarted_count=0
 full_count=0

Compilation events (20 events):
Event: 22.484 Thread 0x0000021343694800 nmethod 9338 0x000002132e552f10 code [0x000002132e553100, 0x000002132e5533b8]
Event: 22.484 Thread 0x0000021343694800 9339   !   3       com.google.common.util.concurrent.MoreExecutors$DirectExecutorService::startTask (45 bytes)
Event: 22.485 Thread 0x0000021343694800 nmethod 9339 0x000002132e553510 code [0x000002132e5536e0, 0x000002132e553aa8]
Event: 22.485 Thread 0x0000021343694800 9346       3       com.android.tools.r8.dex.a$a$$Lambda$808/0x0000000100b71440::get$Lambda (11 bytes)
Event: 22.485 Thread 0x0000021343694800 nmethod 9346 0x000002132e553c90 code [0x000002132e553e60, 0x000002132e554178]
Event: 22.485 Thread 0x0000021343694800 9349       3       com.android.tools.r8.graph.s1::<init> (19 bytes)
Event: 22.485 Thread 0x0000021343694800 nmethod 9349 0x000002132e554290 code [0x000002132e554460, 0x000002132e5546f8]
Event: 22.485 Thread 0x0000021343694800 9350       3       com.android.tools.r8.graph.s1::a (26 bytes)
Event: 22.485 Thread 0x0000021343694800 nmethod 9350 0x000002132e554810 code [0x000002132e5549e0, 0x000002132e554d18]
Event: 22.486 Thread 0x0000021343694800 9352       3       java.lang.Math::ceil (5 bytes)
Event: 22.487 Thread 0x0000021343694800 nmethod 9352 0x000002132e554e10 code [0x000002132e555000, 0x000002132e555188]
Event: 22.487 Thread 0x0000021343694800 9353       3       java.lang.Math::getExponent (17 bytes)
Event: 22.487 Thread 0x0000021343694800 nmethod 9353 0x000002132e555290 code [0x000002132e555440, 0x000002132e555558]
Event: 22.488 Thread 0x00000213435e7800 nmethod 9314 0x0000021334c13c90 code [0x0000021334c13ea0, 0x0000021334c14ca8]
Event: 22.488 Thread 0x00000213435e7800 9348       4       com.android.tools.r8.graph.a1$b::d (74 bytes)
Event: 22.489 Thread 0x00000213490cc800 nmethod 9347% 0x0000021334c15390 code [0x0000021334c15540, 0x0000021334c15918]
Event: 22.489 Thread 0x00000213490cc800 9351       4       com.android.tools.r8.graph.Y::<init> (33 bytes)
Event: 22.490 Thread 0x00000213435e7800 nmethod 9348 0x0000021334c15c10 code [0x0000021334c15da0, 0x0000021334c15e78]
Event: 22.491 Thread 0x00000213490cc800 nmethod 9351 0x0000021334c15f90 code [0x0000021334c16120, 0x0000021334c16258]
Event: 22.492 Thread 0x00000213435e7800 9354   !   4       java.util.concurrent.ConcurrentHashMap::putVal (432 bytes)

GC Heap History (20 events):
Event: 4.089 GC heap after
{Heap after GC invocations=4 (full 0):
 garbage-first heap   total 262144K, used 16060K [0x0000000080000000, 0x0000000100000000)
  region size 1024K, 3 young (3072K), 3 survivors (3072K)
 Metaspace       used 18909K, capacity 19429K, committed 19584K, reserved 1067008K
  class space    used 2283K, capacity 2426K, committed 2432K, reserved 1048576K
}
Event: 4.325 GC heap before
{Heap before GC invocations=4 (full 0):
 garbage-first heap   total 262144K, used 28348K [0x0000000080000000, 0x0000000100000000)
  region size 1024K, 16 young (16384K), 3 survivors (3072K)
 Metaspace       used 20604K, capacity 21103K, committed 21248K, reserved 1067008K
  class space    used 2528K, capacity 2712K, committed 2816K, reserved 1048576K
}
Event: 4.334 GC heap after
{Heap after GC invocations=5 (full 0):
 garbage-first heap   total 262144K, used 16441K [0x0000000080000000, 0x0000000100000000)
  region size 1024K, 4 young (4096K), 4 survivors (4096K)
 Metaspace       used 20604K, capacity 21103K, committed 21248K, reserved 1067008K
  class space    used 2528K, capacity 2712K, committed 2816K, reserved 1048576K
}
Event: 5.978 GC heap before
{Heap before GC invocations=6 (full 0):
 garbage-first heap   total 262144K, used 72761K [0x0000000080000000, 0x0000000100000000)
  region size 1024K, 59 young (60416K), 4 survivors (4096K)
 Metaspace       used 26693K, capacity 27399K, committed 27648K, reserved 1073152K
  class space    used 3512K, capacity 3752K, committed 3840K, reserved 1048576K
}
Event: 5.992 GC heap after
{Heap after GC invocations=7 (full 0):
 garbage-first heap   total 262144K, used 18390K [0x0000000080000000, 0x0000000100000000)
  region size 1024K, 6 young (6144K), 6 survivors (6144K)
 Metaspace       used 26693K, capacity 27399K, committed 27648K, reserved 1073152K
  class space    used 3512K, capacity 3752K, committed 3840K, reserved 1048576K
}
Event: 7.180 GC heap before
{Heap before GC invocations=7 (full 0):
 garbage-first heap   total 262144K, used 62422K [0x0000000080000000, 0x0000000100000000)
  region size 1024K, 50 young (51200K), 6 survivors (6144K)
 Metaspace       used 35076K, capacity 35785K, committed 35840K, reserved 1081344K
  class space    used 4562K, capacity 4824K, committed 4864K, reserved 1048576K
}
Event: 7.197 GC heap after
{Heap after GC invocations=8 (full 0):
 garbage-first heap   total 262144K, used 21763K [0x0000000080000000, 0x0000000100000000)
  region size 1024K, 9 young (9216K), 9 survivors (9216K)
 Metaspace       used 35076K, capacity 35785K, committed 35840K, reserved 1081344K
  class space    used 4562K, capacity 4824K, committed 4864K, reserved 1048576K
}
Event: 9.975 GC heap before
{Heap before GC invocations=9 (full 0):
 garbage-first heap   total 262144K, used 172291K [0x0000000080000000, 0x0000000100000000)
  region size 1024K, 153 young (156672K), 9 survivors (9216K)
 Metaspace       used 44459K, capacity 45506K, committed 45824K, reserved 1089536K
  class space    used 5687K, capacity 6056K, committed 6144K, reserved 1048576K
}
Event: 10.000 GC heap after
{Heap after GC invocations=10 (full 0):
 garbage-first heap   total 262144K, used 27818K [0x0000000080000000, 0x0000000100000000)
  region size 1024K, 15 young (15360K), 15 survivors (15360K)
 Metaspace       used 44459K, capacity 45506K, committed 45824K, reserved 1089536K
  class space    used 5687K, capacity 6056K, committed 6144K, reserved 1048576K
}
Event: 13.275 GC heap before
{Heap before GC invocations=10 (full 0):
 garbage-first heap   total 262144K, used 175274K [0x0000000080000000, 0x0000000100000000)
  region size 1024K, 153 young (156672K), 15 survivors (15360K)
 Metaspace       used 58660K, capacity 60091K, committed 60160K, reserved 1101824K
  class space    used 7429K, capacity 7921K, committed 7936K, reserved 1048576K
}
Event: 13.325 GC heap after
{Heap after GC invocations=11 (full 0):
 garbage-first heap   total 262144K, used 47291K [0x0000000080000000, 0x0000000100000000)
  region size 1024K, 20 young (20480K), 20 survivors (20480K)
 Metaspace       used 58660K, capacity 60091K, committed 60160K, reserved 1101824K
  class space    used 7429K, capacity 7921K, committed 7936K, reserved 1048576K
}
Event: 13.330 GC heap before
{Heap before GC invocations=11 (full 0):
 garbage-first heap   total 262144K, used 47291K [0x0000000080000000, 0x0000000100000000)
  region size 1024K, 21 young (21504K), 20 survivors (20480K)
 Metaspace       used 58667K, capacity 60091K, committed 60160K, reserved 1101824K
  class space    used 7431K, capacity 7921K, committed 7936K, reserved 1048576K
}
Event: 13.371 GC heap after
{Heap after GC invocations=12 (full 0):
 garbage-first heap   total 262144K, used 49740K [0x0000000080000000, 0x0000000100000000)
  region size 1024K, 2 young (2048K), 2 survivors (2048K)
 Metaspace       used 58667K, capacity 60091K, committed 60160K, reserved 1101824K
  class space    used 7431K, capacity 7921K, committed 7936K, reserved 1048576K
}
Event: 15.457 GC heap before
{Heap before GC invocations=13 (full 0):
 garbage-first heap   total 262144K, used 141900K [0x0000000080000000, 0x0000000100000000)
  region size 1024K, 92 young (94208K), 2 survivors (2048K)
 Metaspace       used 66698K, capacity 68255K, committed 68556K, reserved 1107968K
  class space    used 8623K, capacity 9165K, committed 9216K, reserved 1048576K
}
Event: 15.475 GC heap after
{Heap after GC invocations=14 (full 0):
 garbage-first heap   total 262144K, used 54452K [0x0000000080000000, 0x0000000100000000)
  region size 1024K, 7 young (7168K), 7 survivors (7168K)
 Metaspace       used 66698K, capacity 68255K, committed 68556K, reserved 1107968K
  class space    used 8623K, capacity 9165K, committed 9216K, reserved 1048576K
}
Event: 18.214 GC heap before
{Heap before GC invocations=15 (full 0):
 garbage-first heap   total 262144K, used 152756K [0x0000000080000000, 0x0000000100000000)
  region size 1024K, 104 young (106496K), 7 survivors (7168K)
 Metaspace       used 77319K, capacity 79024K, committed 79308K, reserved 1118208K
  class space    used 10068K, capacity 10682K, committed 10752K, reserved 1048576K
}
Event: 18.241 GC heap after
{Heap after GC invocations=16 (full 0):
 garbage-first heap   total 262144K, used 60849K [0x0000000080000000, 0x0000000100000000)
  region size 1024K, 13 young (13312K), 13 survivors (13312K)
 Metaspace       used 77319K, capacity 79024K, committed 79308K, reserved 1118208K
  class space    used 10068K, capacity 10682K, committed 10752K, reserved 1048576K
}
Event: 20.897 GC heap before
{Heap before GC invocations=16 (full 0):
 garbage-first heap   total 262144K, used 164273K [0x0000000080000000, 0x0000000100000000)
  region size 1024K, 115 young (117760K), 13 survivors (13312K)
 Metaspace       used 82306K, capacity 84238K, committed 84300K, reserved 1122304K
  class space    used 10670K, capacity 11355K, committed 11392K, reserved 1048576K
}
Event: 20.948 GC heap after
{Heap after GC invocations=17 (full 0):
 garbage-first heap   total 262144K, used 67255K [0x0000000080000000, 0x0000000100000000)
  region size 1024K, 13 young (13312K), 13 survivors (13312K)
 Metaspace       used 82306K, capacity 84238K, committed 84300K, reserved 1122304K
  class space    used 10670K, capacity 11355K, committed 11392K, reserved 1048576K
}
Event: 22.493 GC heap before
{Heap before GC invocations=17 (full 0):
 garbage-first heap   total 262144K, used 175799K [0x0000000080000000, 0x0000000100000000)
  region size 1024K, 118 young (120832K), 13 survivors (13312K)
 Metaspace       used 86117K, capacity 88167K, committed 88268K, reserved 1126400K
  class space    used 11196K, capacity 11932K, committed 12032K, reserved 1048576K
}

Deoptimization events (20 events):
Event: 22.199 Thread 0x00000213487c7800 Uncommon trap: trap_request=0xffffff4d fr.pc=0x00000213347848e8 relative=0x0000000000000328
Event: 22.199 Thread 0x00000213487c7800 Uncommon trap: reason=unstable_if action=reinterpret pc=0x00000213347848e8 method=java.util.WeakHashMap.remove(Ljava/lang/Object;)Ljava/lang/Object; @ 94 c2
Event: 22.199 Thread 0x00000213487c7800 DEOPT PACKING pc=0x00000213347848e8 sp=0x000000fc32bf6460
Event: 22.199 Thread 0x00000213487c7800 DEOPT UNPACKING pc=0x000002132cc866a9 sp=0x000000fc32bf6400 mode 2
Event: 22.208 Thread 0x00000213487cb000 Uncommon trap: trap_request=0xffffff4d fr.pc=0x0000021334bec8d4 relative=0x0000000000000514
Event: 22.208 Thread 0x00000213487cb000 Uncommon trap: reason=unstable_if action=reinterpret pc=0x0000021334bec8d4 method=com.android.tools.r8.graph.q0.a(C)I @ 1 c2
Event: 22.208 Thread 0x00000213487cb000 DEOPT PACKING pc=0x0000021334bec8d4 sp=0x000000fc32cfa200
Event: 22.208 Thread 0x00000213487cb000 DEOPT UNPACKING pc=0x000002132cc866a9 sp=0x000000fc32cfa158 mode 2
Event: 22.208 Thread 0x00000213487cb000 Uncommon trap: trap_request=0xffffff4d fr.pc=0x0000021334bebe0c relative=0x000000000000006c
Event: 22.208 Thread 0x00000213487cb000 Uncommon trap: reason=unstable_if action=reinterpret pc=0x0000021334bebe0c method=com.android.tools.r8.graph.q0.a(C[BI)I @ 1 c2
Event: 22.208 Thread 0x00000213487cb000 DEOPT PACKING pc=0x0000021334bebe0c sp=0x000000fc32cfa1a0
Event: 22.208 Thread 0x00000213487cb000 DEOPT UNPACKING pc=0x000002132cc866a9 sp=0x000000fc32cfa140 mode 2
Event: 22.307 Thread 0x00000213487cd800 Uncommon trap: trap_request=0xffffff4d fr.pc=0x0000021334bf7ba4 relative=0x0000000000000084
Event: 22.307 Thread 0x00000213487cd800 Uncommon trap: reason=unstable_if action=reinterpret pc=0x0000021334bf7ba4 method=com.android.tools.r8.utils.a0.d(I)Z @ 45 c2
Event: 22.307 Thread 0x00000213487cd800 DEOPT PACKING pc=0x0000021334bf7ba4 sp=0x000000fc329fa510
Event: 22.307 Thread 0x00000213487cd800 DEOPT UNPACKING pc=0x000002132cc866a9 sp=0x000000fc329fa4a0 mode 2
Event: 22.455 Thread 0x00000213487cd800 Uncommon trap: trap_request=0xffffff4d fr.pc=0x0000021334bea0d0 relative=0x0000000000001410
Event: 22.455 Thread 0x00000213487cd800 Uncommon trap: reason=unstable_if action=reinterpret pc=0x0000021334bea0d0 method=java.util.concurrent.ConcurrentHashMap.putVal(Ljava/lang/Object;Ljava/lang/Object;Z)Ljava/lang/Object; @ 162 c2
Event: 22.455 Thread 0x00000213487cd800 DEOPT PACKING pc=0x0000021334bea0d0 sp=0x000000fc329f9db0
Event: 22.455 Thread 0x00000213487cd800 DEOPT UNPACKING pc=0x000002132cc866a9 sp=0x000000fc329f9d48 mode 2

Classes redefined (0 events):
No events

Internal exceptions (20 events):
Event: 19.860 Thread 0x00000213487cb000 Implicit null exception at 0x0000021334b8196d to 0x0000021334b82164
Event: 19.881 Thread 0x00000213487cc800 Implicit null exception at 0x0000021334b82f52 to 0x0000021334b83364
Event: 20.050 Thread 0x00000213488a3800 Exception <a 'java/lang/NoSuchMethodError'{0x000000008c35b5a8}: 'java.lang.Object java.lang.invoke.DirectMethodHandle$Holder.invokeSpecial(java.lang.Object, java.lang.Object, int, java.lang.Object, java.lang.Object)'> (0x000000008c35b5a8) thrown at [./src/hotspot/share/interpreter/linkResolver.cpp, line 773]
Event: 20.052 Thread 0x00000213488a3800 Exception <a 'java/lang/NoSuchMethodError'{0x000000008c363c40}: 'java.lang.Object java.lang.invoke.DirectMethodHandle$Holder.invokeStatic(java.lang.Object, java.lang.Object, int, java.lang.Object)'> (0x000000008c363c40) thrown at [./src/hotspot/share/interpreter/linkResolver.cpp, line 773]
Event: 20.053 Thread 0x00000213488a3800 Exception <a 'java/lang/NoSuchMethodError'{0x000000008c367690}: 'java.lang.Object java.lang.invoke.Invokers$Holder.linkToTargetMethod(java.lang.Object, int, java.lang.Object, java.lang.Object)'> (0x000000008c367690) thrown at [./src/hotspot/share/interpreter/linkResolver.cpp, line 773]
Event: 20.067 Thread 0x00000213488a3800 Exception <a 'java/lang/NoSuchMethodError'{0x000000008c3b0618}: 'void java.lang.invoke.DirectMethodHandle$Holder.invokeVirtual(java.lang.Object, java.lang.Object)'> (0x000000008c3b0618) thrown at [./src/hotspot/share/interpreter/linkResolver.cpp, line 773]
Event: 21.143 Thread 0x00000213488a5000 Exception <a 'java/lang/NoSuchMethodError'{0x000000008fa1e418}: 'void java.lang.invoke.DirectMethodHandle$Holder.invokeStatic(java.lang.Object, java.lang.Object, java.lang.Object, java.lang.Object, int, java.lang.Object)'> (0x000000008fa1e418) thrown at [./src/hotspot/share/interpreter/linkResolver.cpp, line 773]
Event: 21.839 Thread 0x00000213487cc800 Exception <a 'sun/nio/fs/WindowsException'{0x000000008d333058}> (0x000000008d333058) thrown at [./src/hotspot/share/prims/jni.cpp, line 615]
Event: 21.844 Thread 0x00000213487cb000 Exception <a 'sun/nio/fs/WindowsException'{0x000000008d37ac58}> (0x000000008d37ac58) thrown at [./src/hotspot/share/prims/jni.cpp, line 615]
Event: 21.939 Thread 0x00000213487c7800 Exception <a 'sun/nio/fs/WindowsException'{0x000000008bc04920}> (0x000000008bc04920) thrown at [./src/hotspot/share/prims/jni.cpp, line 615]
Event: 22.068 Thread 0x00000213487c7800 Exception <a 'java/lang/NoSuchMethodError'{0x000000008b5906b0}: 'int java.lang.invoke.DirectMethodHandle$Holder.invokeVirtual(java.lang.Object, java.lang.Object, java.lang.Object)'> (0x000000008b5906b0) thrown at [./src/hotspot/share/interpreter/linkResolver.cpp, line 773]
Event: 22.068 Thread 0x00000213487cc800 Exception <a 'java/lang/NoSuchMethodError'{0x000000008b5f8898}: 'int java.lang.invoke.DirectMethodHandle$Holder.invokeVirtual(java.lang.Object, java.lang.Object, java.lang.Object)'> (0x000000008b5f8898) thrown at [./src/hotspot/share/interpreter/linkResolver.cpp, line 773]
Event: 22.068 Thread 0x00000213487cb000 Exception <a 'java/lang/NoSuchMethodError'{0x000000008b417490}: 'int java.lang.invoke.DirectMethodHandle$Holder.invokeVirtual(java.lang.Object, java.lang.Object, java.lang.Object)'> (0x000000008b417490) thrown at [./src/hotspot/share/interpreter/linkResolver.cpp, line 773]
Event: 22.110 Thread 0x00000213487cd800 Exception <a 'sun/nio/fs/WindowsException'{0x000000008afffa18}> (0x000000008afffa18) thrown at [./src/hotspot/share/prims/jni.cpp, line 615]
Event: 22.153 Thread 0x00000213487cc800 Exception <a 'java/lang/NoSuchMethodError'{0x000000008adcba68}: 'int java.lang.invoke.DirectMethodHandle$Holder.invokeVirtual(java.lang.Object, java.lang.Object)'> (0x000000008adcba68) thrown at [./src/hotspot/share/interpreter/linkResolver.cpp, line 773]
Event: 22.154 Thread 0x00000213487cc800 Exception <a 'java/lang/NoSuchMethodError'{0x000000008add1990}: 'java.lang.Object java.lang.invoke.DirectMethodHandle$Holder.invokeStatic(java.lang.Object, java.lang.Object, java.lang.Object, java.lang.Object, java.lang.Object, java.lang.Object, java.lang.Object, java.lang.Object, java.lang.Object, java.lang.Object, java.lang.Object, java.lang.Object, java.lang.Object, java.lang.Object, java.lang.Object, java.lang.Object, java.lang.Object, int, java.lang.Object)'> (0x000000008add1990) thrown at [./src/hots
Event: 22.154 Thread 0x00000213487cc800 Exception <a 'java/lang/NoSuchMethodError'{0x000000008add77d8}: 'java.lang.Object java.lang.invoke.DirectMethodHandle$Holder.invokeStaticInit(java.lang.Object, java.lang.Object, java.lang.Object, java.lang.Object, java.lang.Object, java.lang.Object, java.lang.Object, java.lang.Object, java.lang.Object, java.lang.Object, java.lang.Object, java.lang.Object, java.lang.Object, java.lang.Object, java.lang.Object, java.lang.Object, java.lang.Object, int, java.lang.Object)'> (0x000000008add77d8) thrown at [./src/
Event: 22.217 Thread 0x00000213487cd800 Exception <a 'java/lang/NoSuchMethodError'{0x000000008a9bfd20}: 'java.lang.Object java.lang.invoke.DirectMethodHandle$Holder.invokeStatic(java.lang.Object, long)'> (0x000000008a9bfd20) thrown at [./src/hotspot/share/interpreter/linkResolver.cpp, line 773]
Event: 22.219 Thread 0x00000213487cb000 Exception <a 'java/lang/NoSuchMethodError'{0x000000008a93e440}: 'java.lang.Object java.lang.invoke.DirectMethodHandle$Holder.invokeSpecial(java.lang.Object, java.lang.Object, long)'> (0x000000008a93e440) thrown at [./src/hotspot/share/interpreter/linkResolver.cpp, line 773]
Event: 22.221 Thread 0x00000213487cb000 Exception <a 'java/lang/NoSuchMethodError'{0x000000008a9e5cf0}: 'java.lang.Object java.lang.invoke.Invokers$Holder.linkToTargetMethod(long, java.lang.Object)'> (0x000000008a9e5cf0) thrown at [./src/hotspot/share/interpreter/linkResolver.cpp, line 773]

Events (20 events):
Event: 22.451 loading class com/android/tools/r8/utils/M done
Event: 22.452 loading class com/android/tools/r8/utils/Q
Event: 22.452 loading class com/android/tools/r8/utils/Q done
Event: 22.452 loading class com/android/tools/r8/utils/v0
Event: 22.452 loading class com/android/tools/r8/utils/v0 done
Event: 22.453 loading class com/android/tools/r8/dex/a$b
Event: 22.453 loading class com/android/tools/r8/dex/a$b done
Event: 22.453 loading class com/android/tools/r8/dex/a$b
Event: 22.453 loading class com/android/tools/r8/dex/a$b done
Event: 22.453 loading class com/android/tools/r8/shaking/I0
Event: 22.453 loading class com/android/tools/r8/shaking/I0 done
Event: 22.454 loading class com/android/tools/r8/shaking/I0$b
Event: 22.454 loading class com/android/tools/r8/shaking/I0$b done
Event: 22.491 loading class com/android/tools/r8/graph/E0
Event: 22.491 loading class com/android/tools/r8/graph/E0 done
Event: 22.492 loading class com/android/tools/r8/graph/n1
Event: 22.492 loading class com/android/tools/r8/graph/n1 done
Event: 22.492 loading class com/android/tools/r8/graph/E0$a
Event: 22.492 loading class com/android/tools/r8/graph/E0$a done
Event: 22.492 Executing VM operation: G1CollectForAllocation


Dynamic libraries:
0x00007ff618180000 - 0x00007ff61818a000 	C:\Program Files\Android\Android Studio\jre\bin\java.exe
0x00007ffa97960000 - 0x00007ffa97b4d000 	C:\Windows\SYSTEM32\ntdll.dll
0x00007ffa96c60000 - 0x00007ffa96d13000 	C:\Windows\System32\KERNEL32.DLL
0x00007ffa94600000 - 0x00007ffa94893000 	C:\Windows\System32\KERNELBASE.dll
0x00007ffa948a0000 - 0x00007ffa9499a000 	C:\Windows\System32\ucrtbase.dll
0x00007ffa8b280000 - 0x00007ffa8b299000 	C:\Program Files\Android\Android Studio\jre\bin\jli.dll
0x00007ffa96560000 - 0x00007ffa966f7000 	C:\Windows\System32\USER32.dll
0x00007ffa94ad0000 - 0x00007ffa94af0000 	C:\Windows\System32\win32u.dll
0x00007ffa97340000 - 0x00007ffa97369000 	C:\Windows\System32\GDI32.dll
0x00007ffa93c40000 - 0x00007ffa93dda000 	C:\Windows\System32\gdi32full.dll
0x00007ffa94af0000 - 0x00007ffa94b90000 	C:\Windows\System32\msvcp_win.dll
0x00007ffa8a2e0000 - 0x00007ffa8a2f7000 	C:\Program Files\Android\Android Studio\jre\bin\VCRUNTIME140.dll
0x00007ffa87f00000 - 0x00007ffa88179000 	C:\Windows\WinSxS\amd64_microsoft.windows.common-controls_6595b64144ccf1df_6.0.17763.529_none_05b84068071c8d5a\COMCTL32.dll
0x00007ffa96190000 - 0x00007ffa9622e000 	C:\Windows\System32\msvcrt.dll
0x00007ffa96230000 - 0x00007ffa9655c000 	C:\Windows\System32\combase.dll
0x00007ffa975b0000 - 0x00007ffa976d2000 	C:\Windows\System32\RPCRT4.dll
0x00007ffa93de0000 - 0x00007ffa93e5e000 	C:\Windows\System32\bcryptPrimitives.dll
0x00007ffa94bf0000 - 0x00007ffa94c1e000 	C:\Windows\System32\IMM32.DLL
0x00007ffa842c0000 - 0x00007ffa8435d000 	C:\Program Files\Android\Android Studio\jre\bin\msvcp140.dll
0x00007ffa550a0000 - 0x00007ffa55b5c000 	C:\Program Files\Android\Android Studio\jre\bin\server\jvm.dll
0x00007ffa97370000 - 0x00007ffa97413000 	C:\Windows\System32\ADVAPI32.dll
0x00007ffa97890000 - 0x00007ffa9792e000 	C:\Windows\System32\sechost.dll
0x00007ffa97330000 - 0x00007ffa97338000 	C:\Windows\System32\PSAPI.DLL
0x00007ffa7db40000 - 0x00007ffa7db49000 	C:\Windows\SYSTEM32\WSOCK32.dll
0x00007ffa967e0000 - 0x00007ffa9684d000 	C:\Windows\System32\WS2_32.dll
0x00007ffa91800000 - 0x00007ffa91824000 	C:\Windows\SYSTEM32\WINMM.dll
0x00007ffa8d770000 - 0x00007ffa8d77a000 	C:\Windows\SYSTEM32\VERSION.dll
0x00007ffa917d0000 - 0x00007ffa917fd000 	C:\Windows\SYSTEM32\WINMMBASE.dll
0x00007ffa93e60000 - 0x00007ffa93eaa000 	C:\Windows\System32\cfgmgr32.dll
0x00007ffa939e0000 - 0x00007ffa939f1000 	C:\Windows\System32\kernel.appcore.dll
0x00007ffa8ff60000 - 0x00007ffa8ff71000 	C:\Program Files\Android\Android Studio\jre\bin\verify.dll
0x00007ffa8e950000 - 0x00007ffa8eb3d000 	C:\Windows\SYSTEM32\DBGHELP.DLL
0x00007ffa87390000 - 0x00007ffa873ba000 	C:\Windows\SYSTEM32\dbgcore.DLL
0x00007ffa8fee0000 - 0x00007ffa8ff09000 	C:\Program Files\Android\Android Studio\jre\bin\java.dll
0x00007ffa8ff50000 - 0x00007ffa8ff5b000 	C:\Program Files\Android\Android Studio\jre\bin\jimage.dll
0x00007ffa8fec0000 - 0x00007ffa8fed8000 	C:\Program Files\Android\Android Studio\jre\bin\zip.dll
0x00007ffa94c20000 - 0x00007ffa96110000 	C:\Windows\System32\SHELL32.dll
0x00007ffa96710000 - 0x00007ffa967b8000 	C:\Windows\System32\shcore.dll
0x00007ffa93eb0000 - 0x00007ffa945fa000 	C:\Windows\System32\windows.storage.dll
0x00007ffa93a00000 - 0x00007ffa93a24000 	C:\Windows\System32\profapi.dll
0x00007ffa93980000 - 0x00007ffa939dd000 	C:\Windows\System32\powrprof.dll
0x00007ffa96930000 - 0x00007ffa96982000 	C:\Windows\System32\shlwapi.dll
0x00007ffa94a00000 - 0x00007ffa94a17000 	C:\Windows\System32\cryptsp.dll
0x00007ffa8fea0000 - 0x00007ffa8feba000 	C:\Program Files\Android\Android Studio\jre\bin\net.dll
0x00007ffa86090000 - 0x00007ffa86181000 	C:\Windows\SYSTEM32\WINHTTP.dll
0x00007ffa931e0000 - 0x00007ffa93247000 	C:\Windows\system32\mswsock.dll
0x00007ffa8fd80000 - 0x00007ffa8fd94000 	C:\Program Files\Android\Android Studio\jre\bin\nio.dll
0x00007ffa8a500000 - 0x00007ffa8a527000 	C:\Users\admin\.gradle\native\fdc75f09e3144964f2cf3f50f0aa648679c211496f362492102eb8c894070792\windows-amd64\native-platform.dll
0x00007ffa8a360000 - 0x00007ffa8a4f6000 	C:\Users\admin\.gradle\native\12488b8bf47d2d4c9fbf2f6322a914ad602e24e48041cd04a747c6da556b65c4\windows-amd64\native-platform-file-events.dll
0x00007ffa8fe90000 - 0x00007ffa8fe9a000 	C:\Program Files\Android\Android Studio\jre\bin\management.dll
0x00007ffa8fcd0000 - 0x00007ffa8fcdc000 	C:\Program Files\Android\Android Studio\jre\bin\management_ext.dll
0x00007ffa92da0000 - 0x00007ffa92dd3000 	C:\Windows\system32\rsaenh.dll
0x00007ffa93c10000 - 0x00007ffa93c36000 	C:\Windows\System32\bcrypt.dll
0x00007ffa93860000 - 0x00007ffa93888000 	C:\Windows\SYSTEM32\USERENV.dll
0x00007ffa933b0000 - 0x00007ffa933bc000 	C:\Windows\SYSTEM32\CRYPTBASE.dll
0x00007ffa92f40000 - 0x00007ffa92f7d000 	C:\Windows\SYSTEM32\IPHLPAPI.DLL
0x00007ffa97420000 - 0x00007ffa97428000 	C:\Windows\System32\NSI.dll
0x00007ffa83af0000 - 0x00007ffa83b06000 	C:\Windows\SYSTEM32\dhcpcsvc6.DLL
0x00007ffa845c0000 - 0x00007ffa845dc000 	C:\Windows\SYSTEM32\dhcpcsvc.DLL
0x00007ffa92f80000 - 0x00007ffa93046000 	C:\Windows\SYSTEM32\DNSAPI.dll
0x00007ffa84170000 - 0x00007ffa8417b000 	C:\Windows\SYSTEM32\WINNSI.DLL

dbghelp: loaded successfully - version: 4.0.5 - missing functions: none
symbol engine: initialized successfully - sym options: 0x614 - pdb path: .;C:\Program Files\Android\Android Studio\jre\bin;C:\Windows\SYSTEM32;C:\Windows\WinSxS\amd64_microsoft.windows.common-controls_6595b64144ccf1df_6.0.17763.529_none_05b84068071c8d5a;C:\Program Files\Android\Android Studio\jre\bin\server;C:\Users\admin\.gradle\native\fdc75f09e3144964f2cf3f50f0aa648679c211496f362492102eb8c894070792\windows-amd64;C:\Users\admin\.gradle\native\12488b8bf47d2d4c9fbf2f6322a914ad602e24e48041cd04a747c6da556b65c4\windows-amd64

VM Arguments:
jvm_args: --add-opens=java.base/java.util=ALL-UNNAMED --add-opens=java.base/java.lang=ALL-UNNAMED --add-opens=java.base/java.lang.invoke=ALL-UNNAMED --add-opens=java.prefs/java.util.prefs=ALL-UNNAMED -Xmx2048m -Dfile.encoding=UTF-8 -Duser.country=RU -Duser.language=ru -Duser.variant 
java_command: org.gradle.launcher.daemon.bootstrap.GradleDaemon 6.7.1
java_class_path (initial): C:\Users\admin\.gradle\wrapper\dists\gradle-6.7.1-bin\bwlcbys1h7rz3272sye1xwiv6\gradle-6.7.1\lib\gradle-launcher-6.7.1.jar
Launcher Type: SUN_STANDARD

[Global flags]
     intx CICompilerCount                          = 3                                         {product} {ergonomic}
     uint ConcGCThreads                            = 1                                         {product} {ergonomic}
     uint G1ConcRefinementThreads                  = 4                                         {product} {ergonomic}
   size_t G1HeapRegionSize                         = 1048576                                   {product} {ergonomic}
    uintx GCDrainStackTargetSize                   = 64                                        {product} {ergonomic}
   size_t InitialHeapSize                          = 268435456                                 {product} {ergonomic}
   size_t MarkStackSize                            = 4194304                                   {product} {ergonomic}
   size_t MaxHeapSize                              = 2147483648                                {product} {command line}
   size_t MaxNewSize                               = 1287651328                                {product} {ergonomic}
   size_t MinHeapDeltaBytes                        = 1048576                                   {product} {ergonomic}
    uintx NonNMethodCodeHeapSize                   = 5830732                                {pd product} {ergonomic}
    uintx NonProfiledCodeHeapSize                  = 122913754                              {pd product} {ergonomic}
    uintx ProfiledCodeHeapSize                     = 122913754                              {pd product} {ergonomic}
    uintx ReservedCodeCacheSize                    = 251658240                              {pd product} {ergonomic}
     bool SegmentedCodeCache                       = true                                      {product} {ergonomic}
     bool UseCompressedClassPointers               = true                                 {lp64_product} {ergonomic}
     bool UseCompressedOops                        = true                                 {lp64_product} {ergonomic}
     bool UseG1GC                                  = true                                      {product} {ergonomic}
     bool UseLargePagesIndividualAllocation        = false                                  {pd product} {ergonomic}

Logging:
Log output configuration:
 #0: stdout all=warning uptime,level,tags
 #1: stderr all=off uptime,level,tags

Environment Variables:
CLASSPATH=.;C:\Program Files (x86)\Java\jre1.8.0_231\lib\ext\QTJava.zip
PATH=C:\Program Files\Python310\Scripts\;C:\Program Files\Python310\;C:\Program Files\Python38\Scripts\;C:\Program Files\Python38\;C:\Program Files (x86)\Common Files\Intel\Shared Libraries\redist\ia32\compiler;C:\Program Files (x86)\Common Files\Intel\Shared Libraries\redist\intel64\compiler;C:\Windows\system32;C:\Windows;C:\Windows\System32\Wbem;C:\Windows\System32\WindowsPowerShell\v1.0\;C:\Windows\System32\OpenSSH\;C:\Program Files (x86)\NVIDIA Corporation\PhysX\Common;C:\Program Files\Microsoft SQL Server\130\Tools\Binn\;C:\Program Files (x86)\STMicroelectronics\STM32 ST-LINK Utility\ST-LINK Utility;C:\Program Files (x86)\QuickTime\QTSystem\;C:\Program Files\PuTTY;C:\Program Files\dotnet\;C:\Program Files\Microsoft Network Monitor 3;C:\Program Files\Git\cmd;C:\Program Files\nodejs\;C:\ProgramData\chocolatey\bin;C:\Gradle\gradle-6.5.1\bin;;C:\Program Files (x86)\Bluetooth Command Line Tools\bin;C:\Program Files (x86)\Common Files\Intel\Shared Libraries\redist\ia32\compiler;C:\Program Files (x86)\Common Files\Intel\Shared Libraries\redist\intel64\compiler;C:\Program Files (x86)\Common Files\Oracle\Java\javapath;C:\Windows\system32;C:\Windows;C:\Windows\System32\Wbem;C:\Windows\System32\WindowsPowerShell\v1.0\;C:\Windows\System32\OpenSSH\;C:\Program Files (x86)\NVIDIA Corporation\PhysX\Common;C:\Program Files\Microsoft SQL Server\130\Tools\Binn\;C:\Program Files\Microsoft SQL Server\Client SDK\ODBC\170\Tools\Binn\;C:\Program Files (x86)\IncrediBuild;C:\Program Files\Git\cmd;C:\Program Files (x86)\STMicroelectronics\STM32 ST-LINK Utility\ST-LINK Utility;C:\Program Files (x86)\QuickTime\QTSystem\;C:\Program Files\PuTTY;C:\Program Files\dotnet\;C:\Users\admin\AppData;C:\Program Files\JetBrains\PyCharm 2019.3.3\bin;C:\Qt\5.15.0\msvc2019_64\bin;C:\Users\admin\AppData\Local\GitHubDesktop\bin;C:\Users\admin\AppData\Roaming\npm;C:\Program Files\JetBrains\PyCharm Community Edition 2020.2.3\bin;
USERNAME=admin
OS=Windows_NT
PROCESSOR_IDENTIFIER=Intel64 Family 6 Model 23 Stepping 7, GenuineIntel



---------------  S Y S T E M  ---------------

OS: Windows 10 , 64 bit Build 17763 (10.0.17763.475)
OS uptime: 4 days 23:49 hours

CPU:total 4 (initial active 4) (4 cores per cpu, 1 threads per core) family 6 model 23 stepping 7, cmov, cx8, fxsr, mmx, sse, sse2, sse3, ssse3, sse4.1, tsc

Memory: 4k page, system-wide physical 16382M (9229M free)
TotalPageFile size 26382M (AvailPageFile size 44M)
current process WorkingSet (physical memory assigned to process): 531M, peak: 531M
current process commit charge ("private bytes"): 605M, peak: 657M

vm_info: OpenJDK 64-Bit Server VM (11.0.8+10-b944.6842174) for windows-amd64 JRE (11.0.8+10-b944.6842174), built on Sep 19 2020 01:11:42 by "builder" with MS VC++ 14.0 (VS2015)

END.
